[2.638s] Invoking command in '/home/pi5/ros2_ws/src/speech_recognition': DEBUGINFOD_URLS=https://debuginfod.ubuntu.com PYTHONPATH=/home/pi5/ros2_ws/build/speech_recognition/prefix_override:/usr/lib/python3/dist-packages/colcon_core/task/python/colcon_distutils_commands:/home/pi5/ros2_ws/install/speech_recognition/lib/python3.12/site-packages:${PYTHONPATH} /usr/bin/python3 -W ignore:setup.py install is deprecated -W ignore:easy_install command is deprecated setup.py egg_info --egg-base ../../build/speech_recognition build --build-base /home/pi5/ros2_ws/build/speech_recognition/build install --record /home/pi5/ros2_ws/build/speech_recognition/install.log --single-version-externally-managed install_data
[3.055s] running egg_info
[3.083s] writing ../../build/speech_recognition/speech_recognition.egg-info/PKG-INFO
[3.087s] writing dependency_links to ../../build/speech_recognition/speech_recognition.egg-info/dependency_links.txt
[3.087s] writing entry points to ../../build/speech_recognition/speech_recognition.egg-info/entry_points.txt
[3.087s] writing requirements to ../../build/speech_recognition/speech_recognition.egg-info/requires.txt
[3.087s] writing top-level names to ../../build/speech_recognition/speech_recognition.egg-info/top_level.txt
[3.145s] reading manifest file '../../build/speech_recognition/speech_recognition.egg-info/SOURCES.txt'
[3.147s] writing manifest file '../../build/speech_recognition/speech_recognition.egg-info/SOURCES.txt'
[3.147s] running build
[3.147s] running build_py
[3.152s] copying speech_recognition/stt_node.py -> /home/pi5/ros2_ws/build/speech_recognition/build/lib/speech_recognition
[3.153s] running install
[3.163s] running install_lib
[3.192s] copying /home/pi5/ros2_ws/build/speech_recognition/build/lib/speech_recognition/stt_node.py -> /home/pi5/ros2_ws/install/speech_recognition/lib/python3.12/site-packages/speech_recognition
[3.193s] byte-compiling /home/pi5/ros2_ws/install/speech_recognition/lib/python3.12/site-packages/speech_recognition/stt_node.py to stt_node.cpython-312.pyc
[3.195s] running install_data
[3.197s] running install_egg_info
[3.228s] removing '/home/pi5/ros2_ws/install/speech_recognition/lib/python3.12/site-packages/speech_recognition-0.0.0-py3.12.egg-info' (and everything under it)
[3.229s] Copying ../../build/speech_recognition/speech_recognition.egg-info to /home/pi5/ros2_ws/install/speech_recognition/lib/python3.12/site-packages/speech_recognition-0.0.0-py3.12.egg-info
[3.231s] running install_scripts
[3.433s] Installing stt_node script to /home/pi5/ros2_ws/install/speech_recognition/lib/speech_recognition
[3.434s] writing list of installed files to '/home/pi5/ros2_ws/build/speech_recognition/install.log'
[3.581s] Invoked command in '/home/pi5/ros2_ws/src/speech_recognition' returned '0': DEBUGINFOD_URLS=https://debuginfod.ubuntu.com PYTHONPATH=/home/pi5/ros2_ws/build/speech_recognition/prefix_override:/usr/lib/python3/dist-packages/colcon_core/task/python/colcon_distutils_commands:/home/pi5/ros2_ws/install/speech_recognition/lib/python3.12/site-packages:${PYTHONPATH} /usr/bin/python3 -W ignore:setup.py install is deprecated -W ignore:easy_install command is deprecated setup.py egg_info --egg-base ../../build/speech_recognition build --build-base /home/pi5/ros2_ws/build/speech_recognition/build install --record /home/pi5/ros2_ws/build/speech_recognition/install.log --single-version-externally-managed install_data
