[1.634s] Invoking command in '/home/pi5/ros2_ws/src/tts_speaker': DEBUGINFOD_URLS=https://debuginfod.ubuntu.com PYTHONPATH=/home/pi5/ros2_ws/build/tts_speaker/prefix_override:/usr/lib/python3/dist-packages/colcon_core/task/python/colcon_distutils_commands:/home/pi5/ros2_ws/install/tts_speaker/lib/python3.12/site-packages:${PYTHONPATH} /usr/bin/python3 -W ignore:setup.py install is deprecated -W ignore:easy_install command is deprecated setup.py egg_info --egg-base ../../build/tts_speaker build --build-base /home/pi5/ros2_ws/build/tts_speaker/build install --record /home/pi5/ros2_ws/build/tts_speaker/install.log --single-version-externally-managed install_data
[2.140s] running egg_info
[2.141s] creating ../../build/tts_speaker/tts_speaker.egg-info
[2.183s] writing ../../build/tts_speaker/tts_speaker.egg-info/PKG-INFO
[2.183s] writing dependency_links to ../../build/tts_speaker/tts_speaker.egg-info/dependency_links.txt
[2.184s] writing entry points to ../../build/tts_speaker/tts_speaker.egg-info/entry_points.txt
[2.184s] writing requirements to ../../build/tts_speaker/tts_speaker.egg-info/requires.txt
[2.184s] writing top-level names to ../../build/tts_speaker/tts_speaker.egg-info/top_level.txt
[2.184s] writing manifest file '../../build/tts_speaker/tts_speaker.egg-info/SOURCES.txt'
[2.247s] reading manifest file '../../build/tts_speaker/tts_speaker.egg-info/SOURCES.txt'
[2.248s] writing manifest file '../../build/tts_speaker/tts_speaker.egg-info/SOURCES.txt'
[2.248s] running build
[2.248s] running build_py
[2.248s] creating /home/pi5/ros2_ws/build/tts_speaker/build
[2.248s] creating /home/pi5/ros2_ws/build/tts_speaker/build/lib
[2.248s] creating /home/pi5/ros2_ws/build/tts_speaker/build/lib/tts_speaker
[2.249s] copying tts_speaker/tts_speaker_node.py -> /home/pi5/ros2_ws/build/tts_speaker/build/lib/tts_speaker
[2.249s] copying tts_speaker/__init__.py -> /home/pi5/ros2_ws/build/tts_speaker/build/lib/tts_speaker
[2.250s] running install
[2.260s] running install_lib
[2.296s] creating /home/pi5/ros2_ws/install/tts_speaker/lib/python3.12/site-packages/tts_speaker
[2.297s] copying /home/pi5/ros2_ws/build/tts_speaker/build/lib/tts_speaker/tts_speaker_node.py -> /home/pi5/ros2_ws/install/tts_speaker/lib/python3.12/site-packages/tts_speaker
[2.297s] copying /home/pi5/ros2_ws/build/tts_speaker/build/lib/tts_speaker/__init__.py -> /home/pi5/ros2_ws/install/tts_speaker/lib/python3.12/site-packages/tts_speaker
[2.298s] byte-compiling /home/pi5/ros2_ws/install/tts_speaker/lib/python3.12/site-packages/tts_speaker/tts_speaker_node.py to tts_speaker_node.cpython-312.pyc
[2.300s] byte-compiling /home/pi5/ros2_ws/install/tts_speaker/lib/python3.12/site-packages/tts_speaker/__init__.py to __init__.cpython-312.pyc
[2.301s] running install_data
[2.301s] creating /home/pi5/ros2_ws/install/tts_speaker/share/ament_index
[2.301s] creating /home/pi5/ros2_ws/install/tts_speaker/share/ament_index/resource_index
[2.301s] creating /home/pi5/ros2_ws/install/tts_speaker/share/ament_index/resource_index/packages
[2.301s] copying resource/tts_speaker -> /home/pi5/ros2_ws/install/tts_speaker/share/ament_index/resource_index/packages
[2.302s] copying package.xml -> /home/pi5/ros2_ws/install/tts_speaker/share/tts_speaker
[2.302s] running install_egg_info
[2.350s] Copying ../../build/tts_speaker/tts_speaker.egg-info to /home/pi5/ros2_ws/install/tts_speaker/lib/python3.12/site-packages/tts_speaker-0.0.0-py3.12.egg-info
[2.351s] running install_scripts
[2.621s] Installing tts_speaker_node script to /home/pi5/ros2_ws/install/tts_speaker/lib/tts_speaker
[2.622s] writing list of installed files to '/home/pi5/ros2_ws/build/tts_speaker/install.log'
[2.723s] Invoked command in '/home/pi5/ros2_ws/src/tts_speaker' returned '0': DEBUGINFOD_URLS=https://debuginfod.ubuntu.com PYTHONPATH=/home/pi5/ros2_ws/build/tts_speaker/prefix_override:/usr/lib/python3/dist-packages/colcon_core/task/python/colcon_distutils_commands:/home/pi5/ros2_ws/install/tts_speaker/lib/python3.12/site-packages:${PYTHONPATH} /usr/bin/python3 -W ignore:setup.py install is deprecated -W ignore:easy_install command is deprecated setup.py egg_info --egg-base ../../build/tts_speaker build --build-base /home/pi5/ros2_ws/build/tts_speaker/build install --record /home/pi5/ros2_ws/build/tts_speaker/install.log --single-version-externally-managed install_data
