[1.410s] Invoking command in '/home/pi5/ros2_ws/src/tts_speaker': DEBUGINFOD_URLS=https://debuginfod.ubuntu.com PYTHONPATH=/home/pi5/ros2_ws/build/tts_speaker/prefix_override:/usr/lib/python3/dist-packages/colcon_core/task/python/colcon_distutils_commands:/home/pi5/ros2_ws/install/tts_speaker/lib/python3.12/site-packages:${PYTHONPATH} /usr/bin/python3 -W ignore:setup.py install is deprecated -W ignore:easy_install command is deprecated setup.py egg_info --egg-base ../../build/tts_speaker build --build-base /home/pi5/ros2_ws/build/tts_speaker/build install --record /home/pi5/ros2_ws/build/tts_speaker/install.log --single-version-externally-managed install_data
[1.842s] running egg_info
[1.872s] writing ../../build/tts_speaker/tts_speaker.egg-info/PKG-INFO
[1.872s] writing dependency_links to ../../build/tts_speaker/tts_speaker.egg-info/dependency_links.txt
[1.873s] writing entry points to ../../build/tts_speaker/tts_speaker.egg-info/entry_points.txt
[1.874s] writing requirements to ../../build/tts_speaker/tts_speaker.egg-info/requires.txt
[1.875s] writing top-level names to ../../build/tts_speaker/tts_speaker.egg-info/top_level.txt
[1.939s] reading manifest file '../../build/tts_speaker/tts_speaker.egg-info/SOURCES.txt'
[1.940s] writing manifest file '../../build/tts_speaker/tts_speaker.egg-info/SOURCES.txt'
[1.941s] running build
[1.941s] running build_py
[1.941s] copying tts_speaker/tts_speaker_node.py -> /home/pi5/ros2_ws/build/tts_speaker/build/lib/tts_speaker
[1.942s] running install
[1.953s] running install_lib
[1.985s] copying /home/pi5/ros2_ws/build/tts_speaker/build/lib/tts_speaker/tts_speaker_node.py -> /home/pi5/ros2_ws/install/tts_speaker/lib/python3.12/site-packages/tts_speaker
[1.986s] byte-compiling /home/pi5/ros2_ws/install/tts_speaker/lib/python3.12/site-packages/tts_speaker/tts_speaker_node.py to tts_speaker_node.cpython-312.pyc
[1.988s] running install_data
[1.988s] running install_egg_info
[2.022s] removing '/home/pi5/ros2_ws/install/tts_speaker/lib/python3.12/site-packages/tts_speaker-0.0.0-py3.12.egg-info' (and everything under it)
[2.023s] Copying ../../build/tts_speaker/tts_speaker.egg-info to /home/pi5/ros2_ws/install/tts_speaker/lib/python3.12/site-packages/tts_speaker-0.0.0-py3.12.egg-info
[2.025s] running install_scripts
[2.248s] Installing tts_speaker_node script to /home/pi5/ros2_ws/install/tts_speaker/lib/tts_speaker
[2.249s] writing list of installed files to '/home/pi5/ros2_ws/build/tts_speaker/install.log'
[2.353s] Invoked command in '/home/pi5/ros2_ws/src/tts_speaker' returned '0': DEBUGINFOD_URLS=https://debuginfod.ubuntu.com PYTHONPATH=/home/pi5/ros2_ws/build/tts_speaker/prefix_override:/usr/lib/python3/dist-packages/colcon_core/task/python/colcon_distutils_commands:/home/pi5/ros2_ws/install/tts_speaker/lib/python3.12/site-packages:${PYTHONPATH} /usr/bin/python3 -W ignore:setup.py install is deprecated -W ignore:easy_install command is deprecated setup.py egg_info --egg-base ../../build/tts_speaker build --build-base /home/pi5/ros2_ws/build/tts_speaker/build install --record /home/pi5/ros2_ws/build/tts_speaker/install.log --single-version-externally-managed install_data
