[1.593s] Invoking command in '/home/pi5/ros2_ws/src/speech_recognition': DEBUGINFOD_URLS=https://debuginfod.ubuntu.com PYTHONPATH=/home/pi5/ros2_ws/build/speech_recognition/prefix_override:/usr/lib/python3/dist-packages/colcon_core/task/python/colcon_distutils_commands:/home/pi5/ros2_ws/install/speech_recognition/lib/python3.12/site-packages:${PYTHONPATH} /usr/bin/python3 -W ignore:setup.py install is deprecated -W ignore:easy_install command is deprecated setup.py egg_info --egg-base ../../build/speech_recognition build --build-base /home/pi5/ros2_ws/build/speech_recognition/build install --record /home/pi5/ros2_ws/build/speech_recognition/install.log --single-version-externally-managed install_data
[2.074s] running egg_info
[2.075s] creating ../../build/speech_recognition/speech_recognition.egg-info
[2.107s] writing ../../build/speech_recognition/speech_recognition.egg-info/PKG-INFO
[2.108s] writing dependency_links to ../../build/speech_recognition/speech_recognition.egg-info/dependency_links.txt
[2.108s] writing entry points to ../../build/speech_recognition/speech_recognition.egg-info/entry_points.txt
[2.108s] writing requirements to ../../build/speech_recognition/speech_recognition.egg-info/requires.txt
[2.108s] writing top-level names to ../../build/speech_recognition/speech_recognition.egg-info/top_level.txt
[2.108s] writing manifest file '../../build/speech_recognition/speech_recognition.egg-info/SOURCES.txt'
[2.175s] reading manifest file '../../build/speech_recognition/speech_recognition.egg-info/SOURCES.txt'
[2.176s] writing manifest file '../../build/speech_recognition/speech_recognition.egg-info/SOURCES.txt'
[2.176s] running build
[2.176s] running build_py
[2.176s] creating /home/pi5/ros2_ws/build/speech_recognition/build
[2.176s] creating /home/pi5/ros2_ws/build/speech_recognition/build/lib
[2.177s] creating /home/pi5/ros2_ws/build/speech_recognition/build/lib/speech_recognition
[2.177s] copying speech_recognition/stt_node.py -> /home/pi5/ros2_ws/build/speech_recognition/build/lib/speech_recognition
[2.177s] copying speech_recognition/__init__.py -> /home/pi5/ros2_ws/build/speech_recognition/build/lib/speech_recognition
[2.177s] running install
[2.188s] running install_lib
[2.221s] creating /home/pi5/ros2_ws/install/speech_recognition/lib/python3.12/site-packages/speech_recognition
[2.221s] copying /home/pi5/ros2_ws/build/speech_recognition/build/lib/speech_recognition/stt_node.py -> /home/pi5/ros2_ws/install/speech_recognition/lib/python3.12/site-packages/speech_recognition
[2.221s] copying /home/pi5/ros2_ws/build/speech_recognition/build/lib/speech_recognition/__init__.py -> /home/pi5/ros2_ws/install/speech_recognition/lib/python3.12/site-packages/speech_recognition
[2.222s] byte-compiling /home/pi5/ros2_ws/install/speech_recognition/lib/python3.12/site-packages/speech_recognition/stt_node.py to stt_node.cpython-312.pyc
[2.224s] byte-compiling /home/pi5/ros2_ws/install/speech_recognition/lib/python3.12/site-packages/speech_recognition/__init__.py to __init__.cpython-312.pyc
[2.225s] running install_data
[2.225s] creating /home/pi5/ros2_ws/install/speech_recognition/share/ament_index
[2.225s] creating /home/pi5/ros2_ws/install/speech_recognition/share/ament_index/resource_index
[2.225s] creating /home/pi5/ros2_ws/install/speech_recognition/share/ament_index/resource_index/packages
[2.225s] copying resource/speech_recognition -> /home/pi5/ros2_ws/install/speech_recognition/share/ament_index/resource_index/packages
[2.225s] copying package.xml -> /home/pi5/ros2_ws/install/speech_recognition/share/speech_recognition
[2.226s] running install_egg_info
[2.261s] Copying ../../build/speech_recognition/speech_recognition.egg-info to /home/pi5/ros2_ws/install/speech_recognition/lib/python3.12/site-packages/speech_recognition-0.0.0-py3.12.egg-info
[2.262s] running install_scripts
[2.508s] Installing stt_node script to /home/pi5/ros2_ws/install/speech_recognition/lib/speech_recognition
[2.509s] writing list of installed files to '/home/pi5/ros2_ws/build/speech_recognition/install.log'
[2.615s] Invoked command in '/home/pi5/ros2_ws/src/speech_recognition' returned '0': DEBUGINFOD_URLS=https://debuginfod.ubuntu.com PYTHONPATH=/home/pi5/ros2_ws/build/speech_recognition/prefix_override:/usr/lib/python3/dist-packages/colcon_core/task/python/colcon_distutils_commands:/home/pi5/ros2_ws/install/speech_recognition/lib/python3.12/site-packages:${PYTHONPATH} /usr/bin/python3 -W ignore:setup.py install is deprecated -W ignore:easy_install command is deprecated setup.py egg_info --egg-base ../../build/speech_recognition build --build-base /home/pi5/ros2_ws/build/speech_recognition/build install --record /home/pi5/ros2_ws/build/speech_recognition/install.log --single-version-externally-managed install_data
