[0.194s] colcon DEBUG Command line arguments: ['/usr/bin/colcon', 'build', '--packages-select', 'tts_speaker']
[0.194s] colcon DEBUG Parsed command line arguments: Namespace(log_base=None, log_level=None, verb_name='build', build_base='build', install_base='install', merge_install=False, symlink_install=False, test_result_base=None, continue_on_error=False, executor='parallel', parallel_workers=4, event_handlers=None, ignore_user_meta=False, metas=['./colcon.meta'], base_paths=['.'], packages_ignore=None, packages_ignore_regex=None, paths=None, packages_up_to=None, packages_up_to_regex=None, packages_above=None, packages_above_and_dependencies=None, packages_above_depth=None, packages_select_by_dep=None, packages_skip_by_dep=None, packages_skip_up_to=None, packages_select_build_failed=False, packages_skip_build_finished=False, packages_select_test_failures=False, packages_skip_test_passed=False, packages_select=['tts_speaker'], packages_skip=None, packages_select_regex=None, packages_skip_regex=None, packages_start=None, packages_end=None, allow_overriding=[], cmake_args=None, cmake_target=None, cmake_target_skip_unavailable=False, cmake_clean_cache=False, cmake_clean_first=False, cmake_force_configure=False, ament_cmake_args=None, catkin_cmake_args=None, catkin_skip_building_tests=False, mixin_files=None, mixin=None, verb_parser=<colcon_mixin.mixin.mixin_argument.MixinArgumentDecorator object at 0xffffb7327e60>, verb_extension=<colcon_core.verb.build.BuildVerb object at 0xffffb747c680>, main=<bound method BuildVerb.main of <colcon_core.verb.build.BuildVerb object at 0xffffb747c680>>, mixin_verb=('build',))
[0.262s] colcon.colcon_core.package_discovery Level 1 discover_packages(colcon_meta) check parameters
[0.262s] colcon.colcon_core.package_discovery Level 1 discover_packages(recursive) check parameters
[0.262s] colcon.colcon_core.package_discovery Level 1 discover_packages(ignore) check parameters
[0.262s] colcon.colcon_core.package_discovery Level 1 discover_packages(path) check parameters
[0.262s] colcon.colcon_core.package_discovery Level 1 discover_packages(colcon_meta) discover
[0.262s] colcon.colcon_core.package_discovery Level 1 discover_packages(recursive) discover
[0.262s] colcon.colcon_core.package_discovery INFO Crawling recursively for packages in '/home/pi5/ros2_ws'
[0.262s] colcon.colcon_core.package_identification Level 1 _identify(.) by extensions ['ignore', 'ignore_ament_install']
[0.263s] colcon.colcon_core.package_identification Level 1 _identify(.) by extension 'ignore'
[0.263s] colcon.colcon_core.package_identification Level 1 _identify(.) by extension 'ignore_ament_install'
[0.263s] colcon.colcon_core.package_identification Level 1 _identify(.) by extensions ['colcon_pkg']
[0.263s] colcon.colcon_core.package_identification Level 1 _identify(.) by extension 'colcon_pkg'
[0.263s] colcon.colcon_core.package_identification Level 1 _identify(.) by extensions ['colcon_meta']
[0.263s] colcon.colcon_core.package_identification Level 1 _identify(.) by extension 'colcon_meta'
[0.263s] colcon.colcon_core.package_identification Level 1 _identify(.) by extensions ['ros']
[0.263s] colcon.colcon_core.package_identification Level 1 _identify(.) by extension 'ros'
[0.308s] colcon.colcon_core.package_identification Level 1 _identify(.) by extensions ['cmake', 'python']
[0.308s] colcon.colcon_core.package_identification Level 1 _identify(.) by extension 'cmake'
[0.308s] colcon.colcon_core.package_identification Level 1 _identify(.) by extension 'python'
[0.308s] colcon.colcon_core.package_identification Level 1 _identify(.) by extensions ['python_setup_py']
[0.308s] colcon.colcon_core.package_identification Level 1 _identify(.) by extension 'python_setup_py'
[0.308s] colcon.colcon_core.package_identification Level 1 _identify(build) by extensions ['ignore', 'ignore_ament_install']
[0.308s] colcon.colcon_core.package_identification Level 1 _identify(build) by extension 'ignore'
[0.309s] colcon.colcon_core.package_identification Level 1 _identify(build) ignored
[0.309s] colcon.colcon_core.package_identification Level 1 _identify(install) by extensions ['ignore', 'ignore_ament_install']
[0.309s] colcon.colcon_core.package_identification Level 1 _identify(install) by extension 'ignore'
[0.309s] colcon.colcon_core.package_identification Level 1 _identify(install) ignored
[0.309s] colcon.colcon_core.package_identification Level 1 _identify(log) by extensions ['ignore', 'ignore_ament_install']
[0.309s] colcon.colcon_core.package_identification Level 1 _identify(log) by extension 'ignore'
[0.309s] colcon.colcon_core.package_identification Level 1 _identify(log) ignored
[0.309s] colcon.colcon_core.package_identification Level 1 _identify(src) by extensions ['ignore', 'ignore_ament_install']
[0.309s] colcon.colcon_core.package_identification Level 1 _identify(src) by extension 'ignore'
[0.309s] colcon.colcon_core.package_identification Level 1 _identify(src) by extension 'ignore_ament_install'
[0.309s] colcon.colcon_core.package_identification Level 1 _identify(src) by extensions ['colcon_pkg']
[0.309s] colcon.colcon_core.package_identification Level 1 _identify(src) by extension 'colcon_pkg'
[0.310s] colcon.colcon_core.package_identification Level 1 _identify(src) by extensions ['colcon_meta']
[0.310s] colcon.colcon_core.package_identification Level 1 _identify(src) by extension 'colcon_meta'
[0.310s] colcon.colcon_core.package_identification Level 1 _identify(src) by extensions ['ros']
[0.310s] colcon.colcon_core.package_identification Level 1 _identify(src) by extension 'ros'
[0.310s] colcon.colcon_core.package_identification Level 1 _identify(src) by extensions ['cmake', 'python']
[0.310s] colcon.colcon_core.package_identification Level 1 _identify(src) by extension 'cmake'
[0.310s] colcon.colcon_core.package_identification Level 1 _identify(src) by extension 'python'
[0.310s] colcon.colcon_core.package_identification Level 1 _identify(src) by extensions ['python_setup_py']
[0.310s] colcon.colcon_core.package_identification Level 1 _identify(src) by extension 'python_setup_py'
[0.310s] colcon.colcon_core.package_identification Level 1 _identify(src/tts_speaker) by extensions ['ignore', 'ignore_ament_install']
[0.310s] colcon.colcon_core.package_identification Level 1 _identify(src/tts_speaker) by extension 'ignore'
[0.310s] colcon.colcon_core.package_identification Level 1 _identify(src/tts_speaker) by extension 'ignore_ament_install'
[0.310s] colcon.colcon_core.package_identification Level 1 _identify(src/tts_speaker) by extensions ['colcon_pkg']
[0.310s] colcon.colcon_core.package_identification Level 1 _identify(src/tts_speaker) by extension 'colcon_pkg'
[0.310s] colcon.colcon_core.package_identification Level 1 _identify(src/tts_speaker) by extensions ['colcon_meta']
[0.310s] colcon.colcon_core.package_identification Level 1 _identify(src/tts_speaker) by extension 'colcon_meta'
[0.310s] colcon.colcon_core.package_identification Level 1 _identify(src/tts_speaker) by extensions ['ros']
[0.310s] colcon.colcon_core.package_identification Level 1 _identify(src/tts_speaker) by extension 'ros'
[0.314s] colcon.colcon_core.package_identification DEBUG Package 'src/tts_speaker' with type 'ros.ament_python' and name 'tts_speaker'
[0.314s] colcon.colcon_core.package_discovery Level 1 discover_packages(recursive) using defaults
[0.315s] colcon.colcon_core.package_discovery Level 1 discover_packages(ignore) discover
[0.315s] colcon.colcon_core.package_discovery Level 1 discover_packages(ignore) using defaults
[0.315s] colcon.colcon_core.package_discovery Level 1 discover_packages(path) discover
[0.315s] colcon.colcon_core.package_discovery Level 1 discover_packages(path) using defaults
[0.339s] colcon.colcon_core.package_discovery Level 1 discover_packages(prefix_path) check parameters
[0.339s] colcon.colcon_core.package_discovery Level 1 discover_packages(prefix_path) discover
[0.343s] colcon.colcon_installed_package_information.package_discovery DEBUG Found 285 installed packages in /opt/ros/jazzy
[0.344s] colcon.colcon_core.package_discovery Level 1 discover_packages(prefix_path) using defaults
[0.412s] colcon.colcon_core.verb Level 5 set package 'tts_speaker' build argument 'cmake_args' from command line to 'None'
[0.412s] colcon.colcon_core.verb Level 5 set package 'tts_speaker' build argument 'cmake_target' from command line to 'None'
[0.412s] colcon.colcon_core.verb Level 5 set package 'tts_speaker' build argument 'cmake_target_skip_unavailable' from command line to 'False'
[0.412s] colcon.colcon_core.verb Level 5 set package 'tts_speaker' build argument 'cmake_clean_cache' from command line to 'False'
[0.412s] colcon.colcon_core.verb Level 5 set package 'tts_speaker' build argument 'cmake_clean_first' from command line to 'False'
[0.412s] colcon.colcon_core.verb Level 5 set package 'tts_speaker' build argument 'cmake_force_configure' from command line to 'False'
[0.412s] colcon.colcon_core.verb Level 5 set package 'tts_speaker' build argument 'ament_cmake_args' from command line to 'None'
[0.412s] colcon.colcon_core.verb Level 5 set package 'tts_speaker' build argument 'catkin_cmake_args' from command line to 'None'
[0.412s] colcon.colcon_core.verb Level 5 set package 'tts_speaker' build argument 'catkin_skip_building_tests' from command line to 'False'
[0.412s] colcon.colcon_core.verb DEBUG Building package 'tts_speaker' with the following arguments: {'ament_cmake_args': None, 'build_base': '/home/pi5/ros2_ws/build/tts_speaker', 'catkin_cmake_args': None, 'catkin_skip_building_tests': False, 'cmake_args': None, 'cmake_clean_cache': False, 'cmake_clean_first': False, 'cmake_force_configure': False, 'cmake_target': None, 'cmake_target_skip_unavailable': False, 'install_base': '/home/pi5/ros2_ws/install/tts_speaker', 'merge_install': False, 'path': '/home/pi5/ros2_ws/src/tts_speaker', 'symlink_install': False, 'test_result_base': None}
[0.413s] colcon.colcon_core.executor INFO Executing jobs using 'parallel' executor
[0.415s] colcon.colcon_parallel_executor.executor.parallel DEBUG run_until_complete
[0.415s] colcon.colcon_ros.task.ament_python.build INFO Building ROS package in '/home/pi5/ros2_ws/src/tts_speaker' with build type 'ament_python'
[0.415s] colcon.colcon_core.shell Level 1 create_environment_hook('tts_speaker', 'ament_prefix_path')
[0.418s] colcon.colcon_core.plugin_system INFO Skipping extension 'colcon_core.shell.bat': Not used on non-Windows systems
[0.418s] colcon.colcon_core.shell INFO Creating environment hook '/home/pi5/ros2_ws/install/tts_speaker/share/tts_speaker/hook/ament_prefix_path.ps1'
[0.419s] colcon.colcon_core.shell INFO Creating environment descriptor '/home/pi5/ros2_ws/install/tts_speaker/share/tts_speaker/hook/ament_prefix_path.dsv'
[0.421s] colcon.colcon_core.shell INFO Creating environment hook '/home/pi5/ros2_ws/install/tts_speaker/share/tts_speaker/hook/ament_prefix_path.sh'
[0.422s] colcon.colcon_core.shell INFO Skip shell extension 'powershell' for command environment: Not usable outside of PowerShell
[0.422s] colcon.colcon_core.shell DEBUG Skip shell extension 'dsv' for command environment
[0.813s] colcon.colcon_core.task.python.build INFO Building Python package in '/home/pi5/ros2_ws/src/tts_speaker'
[0.813s] colcon.colcon_core.shell INFO Skip shell extension 'powershell' for command environment: Not usable outside of PowerShell
[0.813s] colcon.colcon_core.shell DEBUG Skip shell extension 'dsv' for command environment
[1.825s] colcon.colcon_core.event_handler.log_command DEBUG Invoking command in '/home/pi5/ros2_ws/src/tts_speaker': DEBUGINFOD_URLS=https://debuginfod.ubuntu.com PYTHONPATH=/home/pi5/ros2_ws/build/tts_speaker/prefix_override:/usr/lib/python3/dist-packages/colcon_core/task/python/colcon_distutils_commands:/home/pi5/ros2_ws/install/tts_speaker/lib/python3.12/site-packages:${PYTHONPATH} /usr/bin/python3 -W ignore:setup.py install is deprecated -W ignore:easy_install command is deprecated setup.py egg_info --egg-base ../../build/tts_speaker build --build-base /home/pi5/ros2_ws/build/tts_speaker/build install --record /home/pi5/ros2_ws/build/tts_speaker/install.log --single-version-externally-managed install_data
[2.768s] colcon.colcon_core.event_handler.log_command DEBUG Invoked command in '/home/pi5/ros2_ws/src/tts_speaker' returned '0': DEBUGINFOD_URLS=https://debuginfod.ubuntu.com PYTHONPATH=/home/pi5/ros2_ws/build/tts_speaker/prefix_override:/usr/lib/python3/dist-packages/colcon_core/task/python/colcon_distutils_commands:/home/pi5/ros2_ws/install/tts_speaker/lib/python3.12/site-packages:${PYTHONPATH} /usr/bin/python3 -W ignore:setup.py install is deprecated -W ignore:easy_install command is deprecated setup.py egg_info --egg-base ../../build/tts_speaker build --build-base /home/pi5/ros2_ws/build/tts_speaker/build install --record /home/pi5/ros2_ws/build/tts_speaker/install.log --single-version-externally-managed install_data
[2.772s] colcon.colcon_core.environment Level 1 checking '/home/pi5/ros2_ws/install/tts_speaker' for CMake module files
[2.772s] colcon.colcon_core.environment Level 1 checking '/home/pi5/ros2_ws/install/tts_speaker' for CMake config files
[2.774s] colcon.colcon_core.environment Level 1 checking '/home/pi5/ros2_ws/install/tts_speaker/lib'
[2.774s] colcon.colcon_core.environment Level 1 checking '/home/pi5/ros2_ws/install/tts_speaker/bin'
[2.774s] colcon.colcon_core.environment Level 1 checking '/home/pi5/ros2_ws/install/tts_speaker/lib/pkgconfig/tts_speaker.pc'
[2.774s] colcon.colcon_core.environment Level 1 checking '/home/pi5/ros2_ws/install/tts_speaker/lib/python3.12/site-packages'
[2.775s] colcon.colcon_core.shell Level 1 create_environment_hook('tts_speaker', 'pythonpath')
[2.775s] colcon.colcon_core.shell INFO Creating environment hook '/home/pi5/ros2_ws/install/tts_speaker/share/tts_speaker/hook/pythonpath.ps1'
[2.776s] colcon.colcon_core.shell INFO Creating environment descriptor '/home/pi5/ros2_ws/install/tts_speaker/share/tts_speaker/hook/pythonpath.dsv'
[2.777s] colcon.colcon_core.shell INFO Creating environment hook '/home/pi5/ros2_ws/install/tts_speaker/share/tts_speaker/hook/pythonpath.sh'
[2.779s] colcon.colcon_core.environment Level 1 checking '/home/pi5/ros2_ws/install/tts_speaker/bin'
[2.779s] colcon.colcon_core.environment Level 1 create_environment_scripts_only(tts_speaker)
[2.780s] colcon.colcon_core.shell INFO Creating package script '/home/pi5/ros2_ws/install/tts_speaker/share/tts_speaker/package.ps1'
[2.781s] colcon.colcon_core.shell INFO Creating package descriptor '/home/pi5/ros2_ws/install/tts_speaker/share/tts_speaker/package.dsv'
[2.783s] colcon.colcon_core.shell INFO Creating package script '/home/pi5/ros2_ws/install/tts_speaker/share/tts_speaker/package.sh'
[2.784s] colcon.colcon_core.shell INFO Creating package script '/home/pi5/ros2_ws/install/tts_speaker/share/tts_speaker/package.bash'
[2.785s] colcon.colcon_core.shell INFO Creating package script '/home/pi5/ros2_ws/install/tts_speaker/share/tts_speaker/package.zsh'
[2.787s] colcon.colcon_core.environment Level 1 create_file_with_runtime_dependencies(/home/pi5/ros2_ws/install/tts_speaker/share/colcon-core/packages/tts_speaker)
[2.788s] colcon.colcon_parallel_executor.executor.parallel DEBUG closing loop
[2.789s] colcon.colcon_parallel_executor.executor.parallel DEBUG loop closed
[2.789s] colcon.colcon_parallel_executor.executor.parallel DEBUG run_until_complete finished with '0'
[2.789s] colcon.colcon_core.event_reactor DEBUG joining thread
[2.800s] colcon.colcon_core.plugin_system INFO Skipping extension 'colcon_notification.desktop_notification.terminal_notifier': Not used on non-Darwin systems
[2.801s] colcon.colcon_core.plugin_system INFO Skipping extension 'colcon_notification.desktop_notification.win32': Not used on non-Windows systems
[2.801s] colcon.colcon_notification.desktop_notification INFO Sending desktop notification using 'notify2'
[2.826s] colcon.colcon_core.event_reactor DEBUG joined thread
[2.827s] colcon.colcon_core.shell INFO Creating prefix script '/home/pi5/ros2_ws/install/local_setup.ps1'
[2.829s] colcon.colcon_core.shell INFO Creating prefix util module '/home/pi5/ros2_ws/install/_local_setup_util_ps1.py'
[2.831s] colcon.colcon_core.shell INFO Creating prefix chain script '/home/pi5/ros2_ws/install/setup.ps1'
[2.836s] colcon.colcon_core.shell INFO Creating prefix script '/home/pi5/ros2_ws/install/local_setup.sh'
[2.837s] colcon.colcon_core.shell INFO Creating prefix util module '/home/pi5/ros2_ws/install/_local_setup_util_sh.py'
[2.838s] colcon.colcon_core.shell INFO Creating prefix chain script '/home/pi5/ros2_ws/install/setup.sh'
[2.839s] colcon.colcon_core.shell INFO Creating prefix script '/home/pi5/ros2_ws/install/local_setup.bash'
[2.840s] colcon.colcon_core.shell INFO Creating prefix chain script '/home/pi5/ros2_ws/install/setup.bash'
[2.842s] colcon.colcon_core.shell INFO Creating prefix script '/home/pi5/ros2_ws/install/local_setup.zsh'
[2.843s] colcon.colcon_core.shell INFO Creating prefix chain script '/home/pi5/ros2_ws/install/setup.zsh'
