[2.625s] Invoking command in '/home/pi5/ros2_ws/src/tts_speaker': DEBUGINFOD_URLS=https://debuginfod.ubuntu.com PYTHONPATH=/home/pi5/ros2_ws/build/tts_speaker/prefix_override:/usr/lib/python3/dist-packages/colcon_core/task/python/colcon_distutils_commands:/home/pi5/ros2_ws/install/tts_speaker/lib/python3.12/site-packages:${PYTHONPATH} /usr/bin/python3 -W ignore:setup.py install is deprecated -W ignore:easy_install command is deprecated setup.py egg_info --egg-base ../../build/tts_speaker build --build-base /home/pi5/ros2_ws/build/tts_speaker/build install --record /home/pi5/ros2_ws/build/tts_speaker/install.log --single-version-externally-managed install_data
[3.043s] running egg_info
[3.071s] writing ../../build/tts_speaker/tts_speaker.egg-info/PKG-INFO
[3.074s] writing dependency_links to ../../build/tts_speaker/tts_speaker.egg-info/dependency_links.txt
[3.076s] writing entry points to ../../build/tts_speaker/tts_speaker.egg-info/entry_points.txt
[3.077s] writing requirements to ../../build/tts_speaker/tts_speaker.egg-info/requires.txt
[3.077s] writing top-level names to ../../build/tts_speaker/tts_speaker.egg-info/top_level.txt
[3.137s] reading manifest file '../../build/tts_speaker/tts_speaker.egg-info/SOURCES.txt'
[3.139s] writing manifest file '../../build/tts_speaker/tts_speaker.egg-info/SOURCES.txt'
[3.139s] running build
[3.139s] running build_py
[3.146s] running install
[3.156s] running install_lib
[3.188s] running install_data
[3.191s] running install_egg_info
[3.222s] removing '/home/pi5/ros2_ws/install/tts_speaker/lib/python3.12/site-packages/tts_speaker-0.0.0-py3.12.egg-info' (and everything under it)
[3.223s] Copying ../../build/tts_speaker/tts_speaker.egg-info to /home/pi5/ros2_ws/install/tts_speaker/lib/python3.12/site-packages/tts_speaker-0.0.0-py3.12.egg-info
[3.227s] running install_scripts
[3.434s] Installing tts_speaker_node script to /home/pi5/ros2_ws/install/tts_speaker/lib/tts_speaker
[3.436s] writing list of installed files to '/home/pi5/ros2_ws/build/tts_speaker/install.log'
[3.588s] Invoked command in '/home/pi5/ros2_ws/src/tts_speaker' returned '0': DEBUGINFOD_URLS=https://debuginfod.ubuntu.com PYTHONPATH=/home/pi5/ros2_ws/build/tts_speaker/prefix_override:/usr/lib/python3/dist-packages/colcon_core/task/python/colcon_distutils_commands:/home/pi5/ros2_ws/install/tts_speaker/lib/python3.12/site-packages:${PYTHONPATH} /usr/bin/python3 -W ignore:setup.py install is deprecated -W ignore:easy_install command is deprecated setup.py egg_info --egg-base ../../build/tts_speaker build --build-base /home/pi5/ros2_ws/build/tts_speaker/build install --record /home/pi5/ros2_ws/build/tts_speaker/install.log --single-version-externally-managed install_data
