[1.847s] Invoking command in '/home/pi5/ros2_ws/src/speech_recognition': DEBUGINFOD_URLS=https://debuginfod.ubuntu.com PYTHONPATH=/home/pi5/ros2_ws/build/speech_recognition/prefix_override:/usr/lib/python3/dist-packages/colcon_core/task/python/colcon_distutils_commands:/home/pi5/ros2_ws/install/speech_recognition/lib/python3.12/site-packages:${PYTHONPATH} /usr/bin/python3 -W ignore:setup.py install is deprecated -W ignore:easy_install command is deprecated setup.py egg_info --egg-base ../../build/speech_recognition build --build-base /home/pi5/ros2_ws/build/speech_recognition/build install --record /home/pi5/ros2_ws/build/speech_recognition/install.log --single-version-externally-managed install_data
[2.415s] running egg_info
[2.462s] writing ../../build/speech_recognition/speech_recognition.egg-info/PKG-INFO
[2.462s] writing dependency_links to ../../build/speech_recognition/speech_recognition.egg-info/dependency_links.txt
[2.464s] writing entry points to ../../build/speech_recognition/speech_recognition.egg-info/entry_points.txt
[2.465s] writing requirements to ../../build/speech_recognition/speech_recognition.egg-info/requires.txt
[2.465s] writing top-level names to ../../build/speech_recognition/speech_recognition.egg-info/top_level.txt
[2.559s] reading manifest file '../../build/speech_recognition/speech_recognition.egg-info/SOURCES.txt'
[2.560s] writing manifest file '../../build/speech_recognition/speech_recognition.egg-info/SOURCES.txt'
[2.561s] running build
[2.561s] running build_py
[2.561s] copying speech_recognition/stt_node.py -> /home/pi5/ros2_ws/build/speech_recognition/build/lib/speech_recognition
[2.562s] running install
[2.577s] running install_lib
[2.625s] copying /home/pi5/ros2_ws/build/speech_recognition/build/lib/speech_recognition/stt_node.py -> /home/pi5/ros2_ws/install/speech_recognition/lib/python3.12/site-packages/speech_recognition
[2.626s] byte-compiling /home/pi5/ros2_ws/install/speech_recognition/lib/python3.12/site-packages/speech_recognition/stt_node.py to stt_node.cpython-312.pyc
[2.629s]   File "/home/pi5/ros2_ws/install/speech_recognition/lib/python3.12/site-packages/speech_recognition/stt_node.py", line 187
[2.629s]     prepend_punctuations="\"'"¿([{-",
[2.630s]                               ^
[2.630s] SyntaxError: invalid character '¿' (U+00BF)
[2.630s] 
[2.630s] running install_data
[2.630s] running install_egg_info
[2.680s] removing '/home/pi5/ros2_ws/install/speech_recognition/lib/python3.12/site-packages/speech_recognition-0.0.0-py3.12.egg-info' (and everything under it)
[2.680s] Copying ../../build/speech_recognition/speech_recognition.egg-info to /home/pi5/ros2_ws/install/speech_recognition/lib/python3.12/site-packages/speech_recognition-0.0.0-py3.12.egg-info
[2.682s] running install_scripts
[2.954s] Installing stt_node script to /home/pi5/ros2_ws/install/speech_recognition/lib/speech_recognition
[2.954s] writing list of installed files to '/home/pi5/ros2_ws/build/speech_recognition/install.log'
[3.069s] Invoked command in '/home/pi5/ros2_ws/src/speech_recognition' returned '0': DEBUGINFOD_URLS=https://debuginfod.ubuntu.com PYTHONPATH=/home/pi5/ros2_ws/build/speech_recognition/prefix_override:/usr/lib/python3/dist-packages/colcon_core/task/python/colcon_distutils_commands:/home/pi5/ros2_ws/install/speech_recognition/lib/python3.12/site-packages:${PYTHONPATH} /usr/bin/python3 -W ignore:setup.py install is deprecated -W ignore:easy_install command is deprecated setup.py egg_info --egg-base ../../build/speech_recognition build --build-base /home/pi5/ros2_ws/build/speech_recognition/build install --record /home/pi5/ros2_ws/build/speech_recognition/install.log --single-version-externally-managed install_data
