running develop
Removing /home/pi5/ros2_ws/install/tts_speaker/lib/python3.12/site-packages/tts-speaker.egg-link (link to .)
running egg_info
writing ../../build/tts_speaker/tts_speaker.egg-info/PKG-INFO
writing dependency_links to ../../build/tts_speaker/tts_speaker.egg-info/dependency_links.txt
writing entry points to ../../build/tts_speaker/tts_speaker.egg-info/entry_points.txt
writing requirements to ../../build/tts_speaker/tts_speaker.egg-info/requires.txt
writing top-level names to ../../build/tts_speaker/tts_speaker.egg-info/top_level.txt
reading manifest file '../../build/tts_speaker/tts_speaker.egg-info/SOURCES.txt'
writing manifest file '../../build/tts_speaker/tts_speaker.egg-info/SOURCES.txt'
running build
running build_py
copying tts_speaker/tts_speaker_node.py -> /home/pi5/ros2_ws/build/tts_speaker/build/lib/tts_speaker
running install
running install_lib
creating /home/pi5/ros2_ws/install/tts_speaker/lib/python3.12/site-packages/tts_speaker
copying /home/pi5/ros2_ws/build/tts_speaker/build/lib/tts_speaker/tts_speaker_node.py -> /home/pi5/ros2_ws/install/tts_speaker/lib/python3.12/site-packages/tts_speaker
copying /home/pi5/ros2_ws/build/tts_speaker/build/lib/tts_speaker/__init__.py -> /home/pi5/ros2_ws/install/tts_speaker/lib/python3.12/site-packages/tts_speaker
byte-compiling /home/pi5/ros2_ws/install/tts_speaker/lib/python3.12/site-packages/tts_speaker/tts_speaker_node.py to tts_speaker_node.cpython-312.pyc
byte-compiling /home/pi5/ros2_ws/install/tts_speaker/lib/python3.12/site-packages/tts_speaker/__init__.py to __init__.cpython-312.pyc
running install_data
copying resource/tts_speaker -> /home/pi5/ros2_ws/install/tts_speaker/share/ament_index/resource_index/packages
copying package.xml -> /home/pi5/ros2_ws/install/tts_speaker/share/tts_speaker
running install_egg_info
Copying ../../build/tts_speaker/tts_speaker.egg-info to /home/pi5/ros2_ws/install/tts_speaker/lib/python3.12/site-packages/tts_speaker-0.0.0-py3.12.egg-info
running install_scripts
Installing tts_speaker_node script to /home/pi5/ros2_ws/install/tts_speaker/lib/tts_speaker
writing list of installed files to '/home/pi5/ros2_ws/build/tts_speaker/install.log'
