[2.340s] Invoking command in '/home/pi5/ros2_ws/src/speech_recognition': DEBUGINFOD_URLS=https://debuginfod.ubuntu.com PYTHONPATH=/home/pi5/ros2_ws/build/speech_recognition/prefix_override:/usr/lib/python3/dist-packages/colcon_core/task/python/colcon_distutils_commands:/home/pi5/ros2_ws/install/speech_recognition/lib/python3.12/site-packages:${PYTHONPATH} /usr/bin/python3 -W ignore:setup.py install is deprecated -W ignore:easy_install command is deprecated setup.py egg_info --egg-base ../../build/speech_recognition build --build-base /home/pi5/ros2_ws/build/speech_recognition/build install --record /home/pi5/ros2_ws/build/speech_recognition/install.log --single-version-externally-managed install_data
[2.827s] running egg_info
[2.856s] writing ../../build/speech_recognition/speech_recognition.egg-info/PKG-INFO
[2.856s] writing dependency_links to ../../build/speech_recognition/speech_recognition.egg-info/dependency_links.txt
[2.858s] writing entry points to ../../build/speech_recognition/speech_recognition.egg-info/entry_points.txt
[2.859s] writing requirements to ../../build/speech_recognition/speech_recognition.egg-info/requires.txt
[2.860s] writing top-level names to ../../build/speech_recognition/speech_recognition.egg-info/top_level.txt
[2.924s] reading manifest file '../../build/speech_recognition/speech_recognition.egg-info/SOURCES.txt'
[2.925s] writing manifest file '../../build/speech_recognition/speech_recognition.egg-info/SOURCES.txt'
[2.925s] running build
[2.925s] running build_py
[2.925s] running install
[2.935s] running install_lib
[2.965s] running install_data
[2.966s] running install_egg_info
[2.997s] removing '/home/pi5/ros2_ws/install/speech_recognition/lib/python3.12/site-packages/speech_recognition-0.0.0-py3.12.egg-info' (and everything under it)
[2.997s] Copying ../../build/speech_recognition/speech_recognition.egg-info to /home/pi5/ros2_ws/install/speech_recognition/lib/python3.12/site-packages/speech_recognition-0.0.0-py3.12.egg-info
[2.999s] running install_scripts
[3.213s] Installing stt_node script to /home/pi5/ros2_ws/install/speech_recognition/lib/speech_recognition
[3.213s] writing list of installed files to '/home/pi5/ros2_ws/build/speech_recognition/install.log'
[3.345s] Invoked command in '/home/pi5/ros2_ws/src/speech_recognition' returned '0': DEBUGINFOD_URLS=https://debuginfod.ubuntu.com PYTHONPATH=/home/pi5/ros2_ws/build/speech_recognition/prefix_override:/usr/lib/python3/dist-packages/colcon_core/task/python/colcon_distutils_commands:/home/pi5/ros2_ws/install/speech_recognition/lib/python3.12/site-packages:${PYTHONPATH} /usr/bin/python3 -W ignore:setup.py install is deprecated -W ignore:easy_install command is deprecated setup.py egg_info --egg-base ../../build/speech_recognition build --build-base /home/pi5/ros2_ws/build/speech_recognition/build install --record /home/pi5/ros2_ws/build/speech_recognition/install.log --single-version-externally-managed install_data
