[0.012s] Invoking command in '/home/pi5/ros2_ws/build/bno055_imu': CMAKE_PREFIX_PATH=${CMAKE_PREFIX_PATH}:/opt/ros/jazzy DEBUGINFOD_URLS=https://debuginfod.ubuntu.com /usr/bin/cmake /home/pi5/ros2_ws/src/bno055_imu -DAMENT_CMAKE_SYMLINK_INSTALL=1 -DCMAKE_INSTALL_PREFIX=/home/pi5/ros2_ws/install/bno055_imu
[0.456s] -- The C compiler identification is GNU 13.3.0
[0.819s] -- The CXX compiler identification is GNU 13.3.0
[0.860s] -- Detecting C compiler ABI info
[1.044s] -- Detecting C compiler ABI info - done
[1.058s] -- Check for working C compiler: /usr/bin/cc - skipped
[1.069s] -- Detecting C compile features
[1.070s] -- Detecting C compile features - done
[1.089s] -- Detecting CXX compiler ABI info
[1.276s] -- Detecting CXX compiler ABI info - done
[1.293s] -- Check for working CXX compiler: /usr/bin/c++ - skipped
[1.293s] -- Detecting CXX compile features
[1.294s] -- Detecting CXX compile features - done
[1.301s] -- Found ament_cmake: 2.5.4 (/opt/ros/jazzy/share/ament_cmake/cmake)
[1.553s] -- Found Python3: /usr/bin/python3 (found version "3.12.3") found components: Interpreter 
[1.904s] -- Override CMake install command with custom implementation using symlinks instead of copying resources
[2.162s] -- Found std_msgs: 5.3.6 (/opt/ros/jazzy/share/std_msgs/cmake)
[2.237s] -- Found rosidl_generator_c: 4.6.6 (/opt/ros/jazzy/share/rosidl_generator_c/cmake)
[2.263s] -- Found rosidl_generator_cpp: 4.6.6 (/opt/ros/jazzy/share/rosidl_generator_cpp/cmake)
[2.301s] -- Using all available rosidl_typesupport_c: rosidl_typesupport_fastrtps_c;rosidl_typesupport_introspection_c
[2.344s] -- Using all available rosidl_typesupport_cpp: rosidl_typesupport_fastrtps_cpp;rosidl_typesupport_introspection_cpp
[2.407s] -- Found geometry_msgs: 5.3.6 (/opt/ros/jazzy/share/geometry_msgs/cmake)
[2.441s] -- Found rosidl_default_generators: 1.6.0 (/opt/ros/jazzy/share/rosidl_default_generators/cmake)
[2.469s] -- Found rosidl_adapter: 4.6.6 (/opt/ros/jazzy/share/rosidl_adapter/cmake)
[3.588s] -- Found ament_cmake_ros: 0.12.0 (/opt/ros/jazzy/share/ament_cmake_ros/cmake)
[5.060s] -- Using all available rosidl_typesupport_c: rosidl_typesupport_fastrtps_c;rosidl_typesupport_introspection_c
[5.640s] -- Using all available rosidl_typesupport_cpp: rosidl_typesupport_fastrtps_cpp;rosidl_typesupport_introspection_cpp
[5.645s] -- Found python_cmake_module: 0.11.1 (/opt/ros/jazzy/share/python_cmake_module/cmake)
[5.919s] -- Found PythonExtra: /usr/bin/python3  
[6.773s] -- Found Python3: /usr/bin/python3 (found version "3.12.3") found components: Interpreter Development NumPy Development.Module Development.Embed 
[6.879s] -- Found ament_lint_auto: 0.17.3 (/opt/ros/jazzy/share/ament_lint_auto/cmake)
[6.900s] -- Configuring done (6.9s)
[6.963s] -- Generating done (0.0s)
[6.982s] -- Build files have been written to: /home/pi5/ros2_ws/build/bno055_imu
[7.006s] Invoked command in '/home/pi5/ros2_ws/build/bno055_imu' returned '0': CMAKE_PREFIX_PATH=${CMAKE_PREFIX_PATH}:/opt/ros/jazzy DEBUGINFOD_URLS=https://debuginfod.ubuntu.com /usr/bin/cmake /home/pi5/ros2_ws/src/bno055_imu -DAMENT_CMAKE_SYMLINK_INSTALL=1 -DCMAKE_INSTALL_PREFIX=/home/pi5/ros2_ws/install/bno055_imu
[7.007s] Invoking command in '/home/pi5/ros2_ws/build/bno055_imu': CMAKE_PREFIX_PATH=${CMAKE_PREFIX_PATH}:/opt/ros/jazzy DEBUGINFOD_URLS=https://debuginfod.ubuntu.com /usr/bin/cmake --build /home/pi5/ros2_ws/build/bno055_imu -- -j4 -l4
[7.102s] [  2%] Generating type hashes for ROS interfaces
[7.121s] [  2%] Built target ament_cmake_python_symlink_bno055_imu
[7.491s] running egg_info
[7.491s] creating bno055_imu.egg-info
[7.524s] writing bno055_imu.egg-info/PKG-INFO
[7.524s] writing dependency_links to bno055_imu.egg-info/dependency_links.txt
[7.526s] writing top-level names to bno055_imu.egg-info/top_level.txt
[7.526s] writing manifest file 'bno055_imu.egg-info/SOURCES.txt'
[7.632s] reading manifest file 'bno055_imu.egg-info/SOURCES.txt'
[7.633s] writing manifest file 'bno055_imu.egg-info/SOURCES.txt'
[7.682s] [  2%] Built target bno055_imu__rosidl_generator_type_description
[7.706s] [  5%] Generating C code for ROS interfaces
[7.731s] [  8%] Generating C++ code for ROS interfaces
[7.744s] [  8%] Built target ament_cmake_python_build_bno055_imu_egg
[8.386s] [  8%] Built target bno055_imu__cpp
[8.450s] [ 11%] Building C object CMakeFiles/bno055_imu__rosidl_generator_c.dir/rosidl_generator_c/bno055_imu/msg/detail/bno055_data__type_support.c.o
[8.450s] [ 17%] Building C object CMakeFiles/bno055_imu__rosidl_generator_c.dir/rosidl_generator_c/bno055_imu/msg/detail/bno055_data__description.c.o
[8.450s] [ 17%] Building C object CMakeFiles/bno055_imu__rosidl_generator_c.dir/rosidl_generator_c/bno055_imu/msg/detail/bno055_data__functions.c.o
[8.660s] [ 20%] Linking C shared library libbno055_imu__rosidl_generator_c.so
[8.746s] [ 20%] Built target bno055_imu__rosidl_generator_c
[8.773s] [ 23%] Generating C type support dispatch for ROS interfaces
[8.778s] [ 26%] Generating C++ type support for eProsima Fast-RTPS
[8.778s] [ 29%] Generating C++ introspection for ROS interfaces
[8.783s] [ 32%] Generating C introspection for ROS interfaces
[9.511s] [ 35%] Building CXX object CMakeFiles/bno055_imu__rosidl_typesupport_c.dir/rosidl_typesupport_c/bno055_imu/msg/bno055_data__type_support.cpp.o
[9.731s] [ 38%] Linking CXX shared library libbno055_imu__rosidl_typesupport_c.so
[9.744s] [ 41%] Building CXX object CMakeFiles/bno055_imu__rosidl_typesupport_introspection_cpp.dir/rosidl_typesupport_introspection_cpp/bno055_imu/msg/detail/bno055_data__type_support.cpp.o
[9.756s] [ 44%] Building C object CMakeFiles/bno055_imu__rosidl_typesupport_introspection_c.dir/rosidl_typesupport_introspection_c/bno055_imu/msg/detail/bno055_data__type_support.c.o
[9.812s] [ 47%] Building CXX object CMakeFiles/bno055_imu__rosidl_typesupport_fastrtps_cpp.dir/rosidl_typesupport_fastrtps_cpp/bno055_imu/msg/detail/dds_fastrtps/bno055_data__type_support.cpp.o
[9.861s] [ 47%] Built target bno055_imu__rosidl_typesupport_c
[9.883s] [ 50%] Generating C++ type support dispatch for ROS interfaces
[9.906s] [ 52%] Linking C shared library libbno055_imu__rosidl_typesupport_introspection_c.so
[10.013s] [ 52%] Built target bno055_imu__rosidl_typesupport_introspection_c
[10.044s] [ 55%] Generating C type support for eProsima Fast-RTPS
[10.803s] [ 58%] Linking CXX shared library libbno055_imu__rosidl_typesupport_introspection_cpp.so
[10.812s] [ 61%] Building CXX object CMakeFiles/bno055_imu__rosidl_typesupport_cpp.dir/rosidl_typesupport_cpp/bno055_imu/msg/bno055_data__type_support.cpp.o
[11.129s] [ 64%] Building CXX object CMakeFiles/bno055_imu__rosidl_typesupport_fastrtps_c.dir/rosidl_typesupport_fastrtps_c/bno055_imu/msg/detail/bno055_data__type_support_c.cpp.o
[11.129s] [ 64%] Built target bno055_imu__rosidl_typesupport_introspection_cpp
[11.499s] [ 67%] Linking CXX shared library libbno055_imu__rosidl_typesupport_fastrtps_cpp.so
[11.654s] [ 67%] Built target bno055_imu__rosidl_typesupport_fastrtps_cpp
[11.665s] [ 70%] Linking CXX shared library libbno055_imu__rosidl_typesupport_cpp.so
[11.760s] [ 70%] Built target bno055_imu__rosidl_typesupport_cpp
[12.138s] [ 73%] Linking CXX shared library libbno055_imu__rosidl_typesupport_fastrtps_c.so
[12.248s] [ 73%] Built target bno055_imu__rosidl_typesupport_fastrtps_c
[12.289s] [ 73%] Built target bno055_imu
[12.333s] [ 76%] Generating Python code for ROS interfaces
[13.308s] [ 76%] Built target bno055_imu__py
[13.350s] [ 79%] Building C object CMakeFiles/bno055_imu__rosidl_generator_py.dir/rosidl_generator_py/bno055_imu/msg/_bno055_data_s.c.o
[13.678s] [ 82%] Linking C shared library libbno055_imu__rosidl_generator_py.so
[13.776s] [ 82%] Built target bno055_imu__rosidl_generator_py
[13.824s] [ 88%] Building C object CMakeFiles/bno055_imu_s__rosidl_typesupport_c.dir/rosidl_generator_py/bno055_imu/_bno055_imu_s.ep.rosidl_typesupport_c.c.o
[13.824s] [ 88%] Building C object CMakeFiles/bno055_imu_s__rosidl_typesupport_fastrtps_c.dir/rosidl_generator_py/bno055_imu/_bno055_imu_s.ep.rosidl_typesupport_fastrtps_c.c.o
[13.824s] [ 91%] Building C object CMakeFiles/bno055_imu_s__rosidl_typesupport_introspection_c.dir/rosidl_generator_py/bno055_imu/_bno055_imu_s.ep.rosidl_typesupport_introspection_c.c.o
[14.067s] [ 94%] Linking C shared module rosidl_generator_py/bno055_imu/bno055_imu_s__rosidl_typesupport_introspection_c.so
[14.069s] [ 97%] Linking C shared module rosidl_generator_py/bno055_imu/bno055_imu_s__rosidl_typesupport_c.so
[14.086s] [100%] Linking C shared module rosidl_generator_py/bno055_imu/bno055_imu_s__rosidl_typesupport_fastrtps_c.so
[14.153s] [100%] Built target bno055_imu_s__rosidl_typesupport_c
[14.156s] [100%] Built target bno055_imu_s__rosidl_typesupport_introspection_c
[14.182s] [100%] Built target bno055_imu_s__rosidl_typesupport_fastrtps_c
[14.207s] Invoked command in '/home/pi5/ros2_ws/build/bno055_imu' returned '0': CMAKE_PREFIX_PATH=${CMAKE_PREFIX_PATH}:/opt/ros/jazzy DEBUGINFOD_URLS=https://debuginfod.ubuntu.com /usr/bin/cmake --build /home/pi5/ros2_ws/build/bno055_imu -- -j4 -l4
[14.227s] Invoking command in '/home/pi5/ros2_ws/build/bno055_imu': CMAKE_PREFIX_PATH=${CMAKE_PREFIX_PATH}:/opt/ros/jazzy DEBUGINFOD_URLS=https://debuginfod.ubuntu.com /usr/bin/cmake --install /home/pi5/ros2_ws/build/bno055_imu
[14.244s] -- Install configuration: ""
[14.245s] -- Execute custom install script
[14.246s] -- Symlinking: /home/pi5/ros2_ws/install/bno055_imu/share/ament_index/resource_index/rosidl_interfaces/bno055_imu
[14.271s] -- Symlinking: /home/pi5/ros2_ws/install/bno055_imu/share/bno055_imu/msg/BNO055Data.json
[14.298s] -- Symlinking: /home/pi5/ros2_ws/install/bno055_imu/include/bno055_imu/bno055_imu/msg/bno055_data.h
[14.320s] -- Symlinking: /home/pi5/ros2_ws/install/bno055_imu/include/bno055_imu/bno055_imu/msg/detail/bno055_data__functions.h
[14.340s] -- Symlinking: /home/pi5/ros2_ws/install/bno055_imu/include/bno055_imu/bno055_imu/msg/detail/bno055_data__struct.h
[14.359s] -- Symlinking: /home/pi5/ros2_ws/install/bno055_imu/include/bno055_imu/bno055_imu/msg/detail/bno055_data__type_support.h
[14.377s] -- Symlinking: /home/pi5/ros2_ws/install/bno055_imu/include/bno055_imu/bno055_imu/msg/rosidl_generator_c__visibility_control.h
[14.396s] -- Symlinking: /home/pi5/ros2_ws/install/bno055_imu/share/bno055_imu/environment/library_path.sh
[14.418s] -- Symlinking: /home/pi5/ros2_ws/install/bno055_imu/share/bno055_imu/environment/library_path.dsv
[14.437s] -- Symlinking: /home/pi5/ros2_ws/install/bno055_imu/include/bno055_imu/bno055_imu/msg/detail/bno055_data__rosidl_typesupport_fastrtps_c.h
[14.456s] -- Symlinking: /home/pi5/ros2_ws/install/bno055_imu/include/bno055_imu/bno055_imu/msg/rosidl_typesupport_fastrtps_c__visibility_control.h
[14.476s] -- Symlinking: /home/pi5/ros2_ws/install/bno055_imu/include/bno055_imu/bno055_imu/msg/bno055_data.hpp
[14.495s] -- Symlinking: /home/pi5/ros2_ws/install/bno055_imu/include/bno055_imu/bno055_imu/msg/detail/bno055_data__builder.hpp
[14.514s] -- Symlinking: /home/pi5/ros2_ws/install/bno055_imu/include/bno055_imu/bno055_imu/msg/detail/bno055_data__struct.hpp
[14.532s] -- Symlinking: /home/pi5/ros2_ws/install/bno055_imu/include/bno055_imu/bno055_imu/msg/detail/bno055_data__traits.hpp
[14.551s] -- Symlinking: /home/pi5/ros2_ws/install/bno055_imu/include/bno055_imu/bno055_imu/msg/detail/bno055_data__type_support.hpp
[14.571s] -- Symlinking: /home/pi5/ros2_ws/install/bno055_imu/include/bno055_imu/bno055_imu/msg/rosidl_generator_cpp__visibility_control.hpp
[14.591s] -- Symlinking: /home/pi5/ros2_ws/install/bno055_imu/include/bno055_imu/bno055_imu/msg/detail/bno055_data__rosidl_typesupport_fastrtps_cpp.hpp
[14.609s] -- Symlinking: /home/pi5/ros2_ws/install/bno055_imu/include/bno055_imu/bno055_imu/msg/rosidl_typesupport_fastrtps_cpp__visibility_control.h
[14.629s] -- Symlinking: /home/pi5/ros2_ws/install/bno055_imu/include/bno055_imu/bno055_imu/msg/detail/bno055_data__rosidl_typesupport_introspection_c.h
[14.648s] -- Symlinking: /home/pi5/ros2_ws/install/bno055_imu/include/bno055_imu/bno055_imu/msg/rosidl_typesupport_introspection_c__visibility_control.h
[14.668s] -- Symlinking: /home/pi5/ros2_ws/install/bno055_imu/include/bno055_imu/bno055_imu/msg/detail/bno055_data__rosidl_typesupport_introspection_cpp.hpp
[14.688s] -- Symlinking: /home/pi5/ros2_ws/install/bno055_imu/share/bno055_imu/environment/pythonpath.sh
[14.707s] -- Symlinking: /home/pi5/ros2_ws/install/bno055_imu/share/bno055_imu/environment/pythonpath.dsv
[14.728s] -- Symlinking: /home/pi5/ros2_ws/install/bno055_imu/lib/python3.12/site-packages/bno055_imu-1.0.0-py3.12.egg-info/PKG-INFO
[14.747s] -- Symlinking: /home/pi5/ros2_ws/install/bno055_imu/lib/python3.12/site-packages/bno055_imu-1.0.0-py3.12.egg-info/SOURCES.txt
[14.766s] -- Symlinking: /home/pi5/ros2_ws/install/bno055_imu/lib/python3.12/site-packages/bno055_imu-1.0.0-py3.12.egg-info/dependency_links.txt
[14.788s] -- Symlinking: /home/pi5/ros2_ws/install/bno055_imu/lib/python3.12/site-packages/bno055_imu-1.0.0-py3.12.egg-info/top_level.txt
[14.810s] -- Symlinking: /home/pi5/ros2_ws/install/bno055_imu/lib/python3.12/site-packages/bno055_imu/__init__.py
[14.828s] -- Symlinking: /home/pi5/ros2_ws/install/bno055_imu/lib/python3.12/site-packages/bno055_imu/_bno055_imu_s.ep.rosidl_typesupport_c.c
[14.847s] -- Symlinking: /home/pi5/ros2_ws/install/bno055_imu/lib/python3.12/site-packages/bno055_imu/_bno055_imu_s.ep.rosidl_typesupport_fastrtps_c.c
[14.867s] -- Symlinking: /home/pi5/ros2_ws/install/bno055_imu/lib/python3.12/site-packages/bno055_imu/_bno055_imu_s.ep.rosidl_typesupport_introspection_c.c
[14.887s] -- Symlinking: /home/pi5/ros2_ws/install/bno055_imu/lib/python3.12/site-packages/bno055_imu/bno055_imu_s__rosidl_typesupport_c.so
[14.906s] -- Symlinking: /home/pi5/ros2_ws/install/bno055_imu/lib/python3.12/site-packages/bno055_imu/bno055_imu_s__rosidl_typesupport_fastrtps_c.so
[14.925s] -- Symlinking: /home/pi5/ros2_ws/install/bno055_imu/lib/python3.12/site-packages/bno055_imu/bno055_imu_s__rosidl_typesupport_introspection_c.so
[14.944s] -- Symlinking: /home/pi5/ros2_ws/install/bno055_imu/lib/python3.12/site-packages/bno055_imu/msg/__init__.py
[14.964s] -- Symlinking: /home/pi5/ros2_ws/install/bno055_imu/lib/python3.12/site-packages/bno055_imu/msg/_bno055_data.py
[14.990s] -- Symlinking: /home/pi5/ros2_ws/install/bno055_imu/lib/python3.12/site-packages/bno055_imu/msg/_bno055_data_s.c
[15.014s] -- Up-to-date symlink: /home/pi5/ros2_ws/install/bno055_imu/lib/python3.12/site-packages/bno055_imu/bno055_imu_s__rosidl_typesupport_fastrtps_c.so
[15.014s] -- Up-to-date symlink: /home/pi5/ros2_ws/install/bno055_imu/lib/python3.12/site-packages/bno055_imu/bno055_imu_s__rosidl_typesupport_introspection_c.so
[15.014s] -- Up-to-date symlink: /home/pi5/ros2_ws/install/bno055_imu/lib/python3.12/site-packages/bno055_imu/bno055_imu_s__rosidl_typesupport_c.so
[15.014s] -- Symlinking: /home/pi5/ros2_ws/install/bno055_imu/share/bno055_imu/msg/BNO055Data.idl
[15.035s] -- Symlinking: /home/pi5/ros2_ws/install/bno055_imu/share/bno055_imu/msg/BNO055Data.msg
[15.054s] -- Symlinking: /home/pi5/ros2_ws/install/bno055_imu/lib/bno055_imu/bno055_node.py
[15.074s] -- Symlinking: /home/pi5/ros2_ws/install/bno055_imu/share/ament_index/resource_index/package_run_dependencies/bno055_imu
[15.095s] -- Symlinking: /home/pi5/ros2_ws/install/bno055_imu/share/ament_index/resource_index/parent_prefix_path/bno055_imu
[15.117s] -- Symlinking: /home/pi5/ros2_ws/install/bno055_imu/share/bno055_imu/environment/ament_prefix_path.sh
[15.143s] -- Symlinking: /home/pi5/ros2_ws/install/bno055_imu/share/bno055_imu/environment/ament_prefix_path.dsv
[15.164s] -- Symlinking: /home/pi5/ros2_ws/install/bno055_imu/share/bno055_imu/environment/path.sh
[15.183s] -- Symlinking: /home/pi5/ros2_ws/install/bno055_imu/share/bno055_imu/environment/path.dsv
[15.205s] -- Symlinking: /home/pi5/ros2_ws/install/bno055_imu/share/bno055_imu/local_setup.bash
[15.224s] -- Symlinking: /home/pi5/ros2_ws/install/bno055_imu/share/bno055_imu/local_setup.sh
[15.243s] -- Symlinking: /home/pi5/ros2_ws/install/bno055_imu/share/bno055_imu/local_setup.zsh
[15.261s] -- Symlinking: /home/pi5/ros2_ws/install/bno055_imu/share/bno055_imu/local_setup.dsv
[15.280s] -- Symlinking: /home/pi5/ros2_ws/install/bno055_imu/share/bno055_imu/package.dsv
[15.298s] -- Symlinking: /home/pi5/ros2_ws/install/bno055_imu/share/ament_index/resource_index/packages/bno055_imu
[15.320s] -- Symlinking: /home/pi5/ros2_ws/install/bno055_imu/share/bno055_imu/cmake/rosidl_cmake-extras.cmake
[15.339s] -- Symlinking: /home/pi5/ros2_ws/install/bno055_imu/share/bno055_imu/cmake/ament_cmake_export_dependencies-extras.cmake
[15.359s] -- Symlinking: /home/pi5/ros2_ws/install/bno055_imu/share/bno055_imu/cmake/ament_cmake_export_include_directories-extras.cmake
[15.378s] -- Symlinking: /home/pi5/ros2_ws/install/bno055_imu/share/bno055_imu/cmake/ament_cmake_export_libraries-extras.cmake
[15.399s] -- Symlinking: /home/pi5/ros2_ws/install/bno055_imu/share/bno055_imu/cmake/ament_cmake_export_targets-extras.cmake
[15.421s] -- Symlinking: /home/pi5/ros2_ws/install/bno055_imu/share/bno055_imu/cmake/rosidl_cmake_export_typesupport_targets-extras.cmake
[15.441s] -- Symlinking: /home/pi5/ros2_ws/install/bno055_imu/share/bno055_imu/cmake/rosidl_cmake_export_typesupport_libraries-extras.cmake
[15.459s] -- Symlinking: /home/pi5/ros2_ws/install/bno055_imu/share/bno055_imu/cmake/bno055_imuConfig.cmake
[15.478s] -- Symlinking: /home/pi5/ros2_ws/install/bno055_imu/share/bno055_imu/cmake/bno055_imuConfig-version.cmake
[15.498s] -- Symlinking: /home/pi5/ros2_ws/install/bno055_imu/share/bno055_imu/package.xml
[15.517s] -- Installing: /home/pi5/ros2_ws/install/bno055_imu/lib/libbno055_imu__rosidl_generator_c.so
[15.517s] -- Set non-toolchain portion of runtime path of "/home/pi5/ros2_ws/install/bno055_imu/lib/libbno055_imu__rosidl_generator_c.so" to ""
[15.518s] -- Installing: /home/pi5/ros2_ws/install/bno055_imu/lib/libbno055_imu__rosidl_typesupport_fastrtps_c.so
[15.518s] -- Set non-toolchain portion of runtime path of "/home/pi5/ros2_ws/install/bno055_imu/lib/libbno055_imu__rosidl_typesupport_fastrtps_c.so" to ""
[15.518s] -- Installing: /home/pi5/ros2_ws/install/bno055_imu/lib/libbno055_imu__rosidl_typesupport_fastrtps_cpp.so
[15.519s] -- Set non-toolchain portion of runtime path of "/home/pi5/ros2_ws/install/bno055_imu/lib/libbno055_imu__rosidl_typesupport_fastrtps_cpp.so" to ""
[15.519s] -- Installing: /home/pi5/ros2_ws/install/bno055_imu/lib/libbno055_imu__rosidl_typesupport_introspection_c.so
[15.520s] -- Set non-toolchain portion of runtime path of "/home/pi5/ros2_ws/install/bno055_imu/lib/libbno055_imu__rosidl_typesupport_introspection_c.so" to ""
[15.520s] -- Installing: /home/pi5/ros2_ws/install/bno055_imu/lib/libbno055_imu__rosidl_typesupport_c.so
[15.521s] -- Set non-toolchain portion of runtime path of "/home/pi5/ros2_ws/install/bno055_imu/lib/libbno055_imu__rosidl_typesupport_c.so" to ""
[15.521s] -- Installing: /home/pi5/ros2_ws/install/bno055_imu/lib/libbno055_imu__rosidl_typesupport_introspection_cpp.so
[15.522s] -- Set non-toolchain portion of runtime path of "/home/pi5/ros2_ws/install/bno055_imu/lib/libbno055_imu__rosidl_typesupport_introspection_cpp.so" to ""
[15.522s] -- Installing: /home/pi5/ros2_ws/install/bno055_imu/lib/libbno055_imu__rosidl_typesupport_cpp.so
[15.522s] -- Set non-toolchain portion of runtime path of "/home/pi5/ros2_ws/install/bno055_imu/lib/libbno055_imu__rosidl_typesupport_cpp.so" to ""
[15.593s] Listing '/home/pi5/ros2_ws/install/bno055_imu/lib/python3.12/site-packages/bno055_imu'...
[15.594s] Compiling '/home/pi5/ros2_ws/install/bno055_imu/lib/python3.12/site-packages/bno055_imu/__init__.py'...
[15.594s] Listing '/home/pi5/ros2_ws/install/bno055_imu/lib/python3.12/site-packages/bno055_imu/msg'...
[15.594s] Compiling '/home/pi5/ros2_ws/install/bno055_imu/lib/python3.12/site-packages/bno055_imu/msg/__init__.py'...
[15.594s] Compiling '/home/pi5/ros2_ws/install/bno055_imu/lib/python3.12/site-packages/bno055_imu/msg/_bno055_data.py'...
[15.608s] -- Installing: /home/pi5/ros2_ws/install/bno055_imu/lib/libbno055_imu__rosidl_generator_py.so
[15.609s] -- Set non-toolchain portion of runtime path of "/home/pi5/ros2_ws/install/bno055_imu/lib/libbno055_imu__rosidl_generator_py.so" to ""
[15.609s] -- Up-to-date: /home/pi5/ros2_ws/install/bno055_imu/lib/python3.12/site-packages/bno055_imu
[15.609s] -- Installing: /home/pi5/ros2_ws/install/bno055_imu/lib/python3.12/site-packages/bno055_imu/bno055_node.py
[15.609s] -- Installing: /home/pi5/ros2_ws/install/bno055_imu/lib/python3.12/site-packages/bno055_imu/__init__.py
[15.610s] -- Installing: /home/pi5/ros2_ws/install/bno055_imu/share/bno055_imu/cmake/export_bno055_imu__rosidl_generator_cExport.cmake
[15.610s] -- Installing: /home/pi5/ros2_ws/install/bno055_imu/share/bno055_imu/cmake/export_bno055_imu__rosidl_generator_cExport-noconfig.cmake
[15.610s] -- Installing: /home/pi5/ros2_ws/install/bno055_imu/share/bno055_imu/cmake/export_bno055_imu__rosidl_typesupport_fastrtps_cExport.cmake
[15.611s] -- Installing: /home/pi5/ros2_ws/install/bno055_imu/share/bno055_imu/cmake/export_bno055_imu__rosidl_typesupport_fastrtps_cExport-noconfig.cmake
[15.611s] -- Installing: /home/pi5/ros2_ws/install/bno055_imu/share/bno055_imu/cmake/export_bno055_imu__rosidl_generator_cppExport.cmake
[15.611s] -- Installing: /home/pi5/ros2_ws/install/bno055_imu/share/bno055_imu/cmake/export_bno055_imu__rosidl_typesupport_fastrtps_cppExport.cmake
[15.611s] -- Installing: /home/pi5/ros2_ws/install/bno055_imu/share/bno055_imu/cmake/export_bno055_imu__rosidl_typesupport_fastrtps_cppExport-noconfig.cmake
[15.612s] -- Installing: /home/pi5/ros2_ws/install/bno055_imu/share/bno055_imu/cmake/bno055_imu__rosidl_typesupport_introspection_cExport.cmake
[15.612s] -- Installing: /home/pi5/ros2_ws/install/bno055_imu/share/bno055_imu/cmake/bno055_imu__rosidl_typesupport_introspection_cExport-noconfig.cmake
[15.612s] -- Installing: /home/pi5/ros2_ws/install/bno055_imu/share/bno055_imu/cmake/bno055_imu__rosidl_typesupport_cExport.cmake
[15.612s] -- Installing: /home/pi5/ros2_ws/install/bno055_imu/share/bno055_imu/cmake/bno055_imu__rosidl_typesupport_cExport-noconfig.cmake
[15.613s] -- Installing: /home/pi5/ros2_ws/install/bno055_imu/share/bno055_imu/cmake/bno055_imu__rosidl_typesupport_introspection_cppExport.cmake
[15.613s] -- Installing: /home/pi5/ros2_ws/install/bno055_imu/share/bno055_imu/cmake/bno055_imu__rosidl_typesupport_introspection_cppExport-noconfig.cmake
[15.613s] -- Installing: /home/pi5/ros2_ws/install/bno055_imu/share/bno055_imu/cmake/bno055_imu__rosidl_typesupport_cppExport.cmake
[15.613s] -- Installing: /home/pi5/ros2_ws/install/bno055_imu/share/bno055_imu/cmake/bno055_imu__rosidl_typesupport_cppExport-noconfig.cmake
[15.614s] -- Installing: /home/pi5/ros2_ws/install/bno055_imu/share/bno055_imu/cmake/export_bno055_imu__rosidl_generator_pyExport.cmake
[15.614s] -- Installing: /home/pi5/ros2_ws/install/bno055_imu/share/bno055_imu/cmake/export_bno055_imu__rosidl_generator_pyExport-noconfig.cmake
[15.619s] Invoked command in '/home/pi5/ros2_ws/build/bno055_imu' returned '0': CMAKE_PREFIX_PATH=${CMAKE_PREFIX_PATH}:/opt/ros/jazzy DEBUGINFOD_URLS=https://debuginfod.ubuntu.com /usr/bin/cmake --install /home/pi5/ros2_ws/build/bno055_imu
