[0.226s] colcon DEBUG Command line arguments: ['/usr/bin/colcon', 'build', '--packages-select', 'speech_recognition']
[0.226s] colcon DEBUG Parsed command line arguments: Namespace(log_base=None, log_level=None, verb_name='build', build_base='build', install_base='install', merge_install=False, symlink_install=False, test_result_base=None, continue_on_error=False, executor='parallel', parallel_workers=4, event_handlers=None, ignore_user_meta=False, metas=['./colcon.meta'], base_paths=['.'], packages_ignore=None, packages_ignore_regex=None, paths=None, packages_up_to=None, packages_up_to_regex=None, packages_above=None, packages_above_and_dependencies=None, packages_above_depth=None, packages_select_by_dep=None, packages_skip_by_dep=None, packages_skip_up_to=None, packages_select_build_failed=False, packages_skip_build_finished=False, packages_select_test_failures=False, packages_skip_test_passed=False, packages_select=['speech_recognition'], packages_skip=None, packages_select_regex=None, packages_skip_regex=None, packages_start=None, packages_end=None, allow_overriding=[], cmake_args=None, cmake_target=None, cmake_target_skip_unavailable=False, cmake_clean_cache=False, cmake_clean_first=False, cmake_force_configure=False, ament_cmake_args=None, catkin_cmake_args=None, catkin_skip_building_tests=False, mixin_files=None, mixin=None, verb_parser=<colcon_mixin.mixin.mixin_argument.MixinArgumentDecorator object at 0xffffa86ac7a0>, verb_extension=<colcon_core.verb.build.BuildVerb object at 0xffffa87dca70>, main=<bound method BuildVerb.main of <colcon_core.verb.build.BuildVerb object at 0xffffa87dca70>>, mixin_verb=('build',))
[0.298s] colcon.colcon_core.package_discovery Level 1 discover_packages(colcon_meta) check parameters
[0.298s] colcon.colcon_core.package_discovery Level 1 discover_packages(recursive) check parameters
[0.298s] colcon.colcon_core.package_discovery Level 1 discover_packages(ignore) check parameters
[0.298s] colcon.colcon_core.package_discovery Level 1 discover_packages(path) check parameters
[0.298s] colcon.colcon_core.package_discovery Level 1 discover_packages(colcon_meta) discover
[0.298s] colcon.colcon_core.package_discovery Level 1 discover_packages(recursive) discover
[0.299s] colcon.colcon_core.package_discovery INFO Crawling recursively for packages in '/home/pi5/ros2_ws'
[0.299s] colcon.colcon_core.package_identification Level 1 _identify(.) by extensions ['ignore', 'ignore_ament_install']
[0.299s] colcon.colcon_core.package_identification Level 1 _identify(.) by extension 'ignore'
[0.299s] colcon.colcon_core.package_identification Level 1 _identify(.) by extension 'ignore_ament_install'
[0.299s] colcon.colcon_core.package_identification Level 1 _identify(.) by extensions ['colcon_pkg']
[0.299s] colcon.colcon_core.package_identification Level 1 _identify(.) by extension 'colcon_pkg'
[0.299s] colcon.colcon_core.package_identification Level 1 _identify(.) by extensions ['colcon_meta']
[0.299s] colcon.colcon_core.package_identification Level 1 _identify(.) by extension 'colcon_meta'
[0.299s] colcon.colcon_core.package_identification Level 1 _identify(.) by extensions ['ros']
[0.299s] colcon.colcon_core.package_identification Level 1 _identify(.) by extension 'ros'
[0.343s] colcon.colcon_core.package_identification Level 1 _identify(.) by extensions ['cmake', 'python']
[0.344s] colcon.colcon_core.package_identification Level 1 _identify(.) by extension 'cmake'
[0.344s] colcon.colcon_core.package_identification Level 1 _identify(.) by extension 'python'
[0.344s] colcon.colcon_core.package_identification Level 1 _identify(.) by extensions ['python_setup_py']
[0.344s] colcon.colcon_core.package_identification Level 1 _identify(.) by extension 'python_setup_py'
[0.344s] colcon.colcon_core.package_identification Level 1 _identify(build) by extensions ['ignore', 'ignore_ament_install']
[0.344s] colcon.colcon_core.package_identification Level 1 _identify(build) by extension 'ignore'
[0.344s] colcon.colcon_core.package_identification Level 1 _identify(build) ignored
[0.344s] colcon.colcon_core.package_identification Level 1 _identify(install) by extensions ['ignore', 'ignore_ament_install']
[0.345s] colcon.colcon_core.package_identification Level 1 _identify(install) by extension 'ignore'
[0.345s] colcon.colcon_core.package_identification Level 1 _identify(install) ignored
[0.345s] colcon.colcon_core.package_identification Level 1 _identify(log) by extensions ['ignore', 'ignore_ament_install']
[0.345s] colcon.colcon_core.package_identification Level 1 _identify(log) by extension 'ignore'
[0.345s] colcon.colcon_core.package_identification Level 1 _identify(log) ignored
[0.345s] colcon.colcon_core.package_identification Level 1 _identify(src) by extensions ['ignore', 'ignore_ament_install']
[0.345s] colcon.colcon_core.package_identification Level 1 _identify(src) by extension 'ignore'
[0.345s] colcon.colcon_core.package_identification Level 1 _identify(src) by extension 'ignore_ament_install'
[0.345s] colcon.colcon_core.package_identification Level 1 _identify(src) by extensions ['colcon_pkg']
[0.345s] colcon.colcon_core.package_identification Level 1 _identify(src) by extension 'colcon_pkg'
[0.345s] colcon.colcon_core.package_identification Level 1 _identify(src) by extensions ['colcon_meta']
[0.345s] colcon.colcon_core.package_identification Level 1 _identify(src) by extension 'colcon_meta'
[0.345s] colcon.colcon_core.package_identification Level 1 _identify(src) by extensions ['ros']
[0.345s] colcon.colcon_core.package_identification Level 1 _identify(src) by extension 'ros'
[0.345s] colcon.colcon_core.package_identification Level 1 _identify(src) by extensions ['cmake', 'python']
[0.346s] colcon.colcon_core.package_identification Level 1 _identify(src) by extension 'cmake'
[0.346s] colcon.colcon_core.package_identification Level 1 _identify(src) by extension 'python'
[0.346s] colcon.colcon_core.package_identification Level 1 _identify(src) by extensions ['python_setup_py']
[0.346s] colcon.colcon_core.package_identification Level 1 _identify(src) by extension 'python_setup_py'
[0.346s] colcon.colcon_core.package_identification Level 1 _identify(src/speech_recognition) by extensions ['ignore', 'ignore_ament_install']
[0.346s] colcon.colcon_core.package_identification Level 1 _identify(src/speech_recognition) by extension 'ignore'
[0.346s] colcon.colcon_core.package_identification Level 1 _identify(src/speech_recognition) by extension 'ignore_ament_install'
[0.346s] colcon.colcon_core.package_identification Level 1 _identify(src/speech_recognition) by extensions ['colcon_pkg']
[0.346s] colcon.colcon_core.package_identification Level 1 _identify(src/speech_recognition) by extension 'colcon_pkg'
[0.346s] colcon.colcon_core.package_identification Level 1 _identify(src/speech_recognition) by extensions ['colcon_meta']
[0.346s] colcon.colcon_core.package_identification Level 1 _identify(src/speech_recognition) by extension 'colcon_meta'
[0.346s] colcon.colcon_core.package_identification Level 1 _identify(src/speech_recognition) by extensions ['ros']
[0.346s] colcon.colcon_core.package_identification Level 1 _identify(src/speech_recognition) by extension 'ros'
[0.351s] colcon.colcon_core.package_identification DEBUG Package 'src/speech_recognition' with type 'ros.ament_python' and name 'speech_recognition'
[0.351s] colcon.colcon_core.package_identification Level 1 _identify(src/tts_speaker) by extensions ['ignore', 'ignore_ament_install']
[0.351s] colcon.colcon_core.package_identification Level 1 _identify(src/tts_speaker) by extension 'ignore'
[0.351s] colcon.colcon_core.package_identification Level 1 _identify(src/tts_speaker) by extension 'ignore_ament_install'
[0.352s] colcon.colcon_core.package_identification Level 1 _identify(src/tts_speaker) by extensions ['colcon_pkg']
[0.352s] colcon.colcon_core.package_identification Level 1 _identify(src/tts_speaker) by extension 'colcon_pkg'
[0.352s] colcon.colcon_core.package_identification Level 1 _identify(src/tts_speaker) by extensions ['colcon_meta']
[0.352s] colcon.colcon_core.package_identification Level 1 _identify(src/tts_speaker) by extension 'colcon_meta'
[0.352s] colcon.colcon_core.package_identification Level 1 _identify(src/tts_speaker) by extensions ['ros']
[0.352s] colcon.colcon_core.package_identification Level 1 _identify(src/tts_speaker) by extension 'ros'
[0.353s] colcon.colcon_core.package_identification DEBUG Package 'src/tts_speaker' with type 'ros.ament_python' and name 'tts_speaker'
[0.353s] colcon.colcon_core.package_discovery Level 1 discover_packages(recursive) using defaults
[0.353s] colcon.colcon_core.package_discovery Level 1 discover_packages(ignore) discover
[0.353s] colcon.colcon_core.package_discovery Level 1 discover_packages(ignore) using defaults
[0.353s] colcon.colcon_core.package_discovery Level 1 discover_packages(path) discover
[0.353s] colcon.colcon_core.package_discovery Level 1 discover_packages(path) using defaults
[0.378s] colcon.colcon_core.package_selection INFO Skipping not selected package 'tts_speaker' in 'src/tts_speaker'
[0.379s] colcon.colcon_core.package_discovery Level 1 discover_packages(prefix_path) check parameters
[0.379s] colcon.colcon_core.package_discovery Level 1 discover_packages(prefix_path) discover
[0.383s] colcon.colcon_installed_package_information.package_discovery DEBUG Found 285 installed packages in /opt/ros/jazzy
[0.387s] colcon.colcon_core.package_discovery Level 1 discover_packages(prefix_path) using defaults
[0.454s] colcon.colcon_core.verb Level 5 set package 'speech_recognition' build argument 'cmake_args' from command line to 'None'
[0.454s] colcon.colcon_core.verb Level 5 set package 'speech_recognition' build argument 'cmake_target' from command line to 'None'
[0.454s] colcon.colcon_core.verb Level 5 set package 'speech_recognition' build argument 'cmake_target_skip_unavailable' from command line to 'False'
[0.454s] colcon.colcon_core.verb Level 5 set package 'speech_recognition' build argument 'cmake_clean_cache' from command line to 'False'
[0.454s] colcon.colcon_core.verb Level 5 set package 'speech_recognition' build argument 'cmake_clean_first' from command line to 'False'
[0.454s] colcon.colcon_core.verb Level 5 set package 'speech_recognition' build argument 'cmake_force_configure' from command line to 'False'
[0.454s] colcon.colcon_core.verb Level 5 set package 'speech_recognition' build argument 'ament_cmake_args' from command line to 'None'
[0.454s] colcon.colcon_core.verb Level 5 set package 'speech_recognition' build argument 'catkin_cmake_args' from command line to 'None'
[0.454s] colcon.colcon_core.verb Level 5 set package 'speech_recognition' build argument 'catkin_skip_building_tests' from command line to 'False'
[0.454s] colcon.colcon_core.verb DEBUG Building package 'speech_recognition' with the following arguments: {'ament_cmake_args': None, 'build_base': '/home/pi5/ros2_ws/build/speech_recognition', 'catkin_cmake_args': None, 'catkin_skip_building_tests': False, 'cmake_args': None, 'cmake_clean_cache': False, 'cmake_clean_first': False, 'cmake_force_configure': False, 'cmake_target': None, 'cmake_target_skip_unavailable': False, 'install_base': '/home/pi5/ros2_ws/install/speech_recognition', 'merge_install': False, 'path': '/home/pi5/ros2_ws/src/speech_recognition', 'symlink_install': False, 'test_result_base': None}
[0.455s] colcon.colcon_core.executor INFO Executing jobs using 'parallel' executor
[0.456s] colcon.colcon_parallel_executor.executor.parallel DEBUG run_until_complete
[0.457s] colcon.colcon_ros.task.ament_python.build INFO Building ROS package in '/home/pi5/ros2_ws/src/speech_recognition' with build type 'ament_python'
[0.457s] colcon.colcon_core.shell Level 1 create_environment_hook('speech_recognition', 'ament_prefix_path')
[0.460s] colcon.colcon_core.plugin_system INFO Skipping extension 'colcon_core.shell.bat': Not used on non-Windows systems
[0.461s] colcon.colcon_core.shell INFO Creating environment hook '/home/pi5/ros2_ws/install/speech_recognition/share/speech_recognition/hook/ament_prefix_path.ps1'
[0.462s] colcon.colcon_core.shell INFO Creating environment descriptor '/home/pi5/ros2_ws/install/speech_recognition/share/speech_recognition/hook/ament_prefix_path.dsv'
[0.463s] colcon.colcon_core.shell INFO Creating environment hook '/home/pi5/ros2_ws/install/speech_recognition/share/speech_recognition/hook/ament_prefix_path.sh'
[0.464s] colcon.colcon_core.shell INFO Skip shell extension 'powershell' for command environment: Not usable outside of PowerShell
[0.464s] colcon.colcon_core.shell DEBUG Skip shell extension 'dsv' for command environment
[0.920s] colcon.colcon_core.task.python.build INFO Building Python package in '/home/pi5/ros2_ws/src/speech_recognition'
[0.921s] colcon.colcon_core.shell INFO Skip shell extension 'powershell' for command environment: Not usable outside of PowerShell
[0.921s] colcon.colcon_core.shell DEBUG Skip shell extension 'dsv' for command environment
[2.050s] colcon.colcon_core.event_handler.log_command DEBUG Invoking command in '/home/pi5/ros2_ws/src/speech_recognition': DEBUGINFOD_URLS=https://debuginfod.ubuntu.com PYTHONPATH=/home/pi5/ros2_ws/build/speech_recognition/prefix_override:/usr/lib/python3/dist-packages/colcon_core/task/python/colcon_distutils_commands:/home/pi5/ros2_ws/install/speech_recognition/lib/python3.12/site-packages:${PYTHONPATH} /usr/bin/python3 -W ignore:setup.py install is deprecated -W ignore:easy_install command is deprecated setup.py egg_info --egg-base ../../build/speech_recognition build --build-base /home/pi5/ros2_ws/build/speech_recognition/build install --record /home/pi5/ros2_ws/build/speech_recognition/install.log --single-version-externally-managed install_data
[3.073s] colcon.colcon_core.event_handler.log_command DEBUG Invoked command in '/home/pi5/ros2_ws/src/speech_recognition' returned '0': DEBUGINFOD_URLS=https://debuginfod.ubuntu.com PYTHONPATH=/home/pi5/ros2_ws/build/speech_recognition/prefix_override:/usr/lib/python3/dist-packages/colcon_core/task/python/colcon_distutils_commands:/home/pi5/ros2_ws/install/speech_recognition/lib/python3.12/site-packages:${PYTHONPATH} /usr/bin/python3 -W ignore:setup.py install is deprecated -W ignore:easy_install command is deprecated setup.py egg_info --egg-base ../../build/speech_recognition build --build-base /home/pi5/ros2_ws/build/speech_recognition/build install --record /home/pi5/ros2_ws/build/speech_recognition/install.log --single-version-externally-managed install_data
[3.076s] colcon.colcon_core.environment Level 1 checking '/home/pi5/ros2_ws/install/speech_recognition' for CMake module files
[3.077s] colcon.colcon_core.environment Level 1 checking '/home/pi5/ros2_ws/install/speech_recognition' for CMake config files
[3.078s] colcon.colcon_core.environment Level 1 checking '/home/pi5/ros2_ws/install/speech_recognition/lib'
[3.078s] colcon.colcon_core.environment Level 1 checking '/home/pi5/ros2_ws/install/speech_recognition/bin'
[3.078s] colcon.colcon_core.environment Level 1 checking '/home/pi5/ros2_ws/install/speech_recognition/lib/pkgconfig/speech_recognition.pc'
[3.079s] colcon.colcon_core.environment Level 1 checking '/home/pi5/ros2_ws/install/speech_recognition/lib/python3.12/site-packages'
[3.079s] colcon.colcon_core.shell Level 1 create_environment_hook('speech_recognition', 'pythonpath')
[3.079s] colcon.colcon_core.shell INFO Creating environment hook '/home/pi5/ros2_ws/install/speech_recognition/share/speech_recognition/hook/pythonpath.ps1'
[3.080s] colcon.colcon_core.shell INFO Creating environment descriptor '/home/pi5/ros2_ws/install/speech_recognition/share/speech_recognition/hook/pythonpath.dsv'
[3.080s] colcon.colcon_core.shell INFO Creating environment hook '/home/pi5/ros2_ws/install/speech_recognition/share/speech_recognition/hook/pythonpath.sh'
[3.081s] colcon.colcon_core.environment Level 1 checking '/home/pi5/ros2_ws/install/speech_recognition/bin'
[3.081s] colcon.colcon_core.environment Level 1 create_environment_scripts_only(speech_recognition)
[3.082s] colcon.colcon_core.shell INFO Creating package script '/home/pi5/ros2_ws/install/speech_recognition/share/speech_recognition/package.ps1'
[3.083s] colcon.colcon_core.shell INFO Creating package descriptor '/home/pi5/ros2_ws/install/speech_recognition/share/speech_recognition/package.dsv'
[3.084s] colcon.colcon_core.shell INFO Creating package script '/home/pi5/ros2_ws/install/speech_recognition/share/speech_recognition/package.sh'
[3.085s] colcon.colcon_core.shell INFO Creating package script '/home/pi5/ros2_ws/install/speech_recognition/share/speech_recognition/package.bash'
[3.086s] colcon.colcon_core.shell INFO Creating package script '/home/pi5/ros2_ws/install/speech_recognition/share/speech_recognition/package.zsh'
[3.086s] colcon.colcon_core.environment Level 1 create_file_with_runtime_dependencies(/home/pi5/ros2_ws/install/speech_recognition/share/colcon-core/packages/speech_recognition)
[3.087s] colcon.colcon_parallel_executor.executor.parallel DEBUG closing loop
[3.088s] colcon.colcon_parallel_executor.executor.parallel DEBUG loop closed
[3.088s] colcon.colcon_parallel_executor.executor.parallel DEBUG run_until_complete finished with '0'
[3.088s] colcon.colcon_core.event_reactor DEBUG joining thread
[3.096s] colcon.colcon_core.plugin_system INFO Skipping extension 'colcon_notification.desktop_notification.terminal_notifier': Not used on non-Darwin systems
[3.097s] colcon.colcon_core.plugin_system INFO Skipping extension 'colcon_notification.desktop_notification.win32': Not used on non-Windows systems
[3.097s] colcon.colcon_notification.desktop_notification INFO Sending desktop notification using 'notify2'
[3.122s] colcon.colcon_core.event_reactor DEBUG joined thread
[3.123s] colcon.colcon_core.shell INFO Creating prefix script '/home/pi5/ros2_ws/install/local_setup.ps1'
[3.124s] colcon.colcon_core.shell INFO Creating prefix util module '/home/pi5/ros2_ws/install/_local_setup_util_ps1.py'
[3.126s] colcon.colcon_core.shell INFO Creating prefix chain script '/home/pi5/ros2_ws/install/setup.ps1'
[3.128s] colcon.colcon_core.shell INFO Creating prefix script '/home/pi5/ros2_ws/install/local_setup.sh'
[3.129s] colcon.colcon_core.shell INFO Creating prefix util module '/home/pi5/ros2_ws/install/_local_setup_util_sh.py'
[3.130s] colcon.colcon_core.shell INFO Creating prefix chain script '/home/pi5/ros2_ws/install/setup.sh'
[3.131s] colcon.colcon_core.shell INFO Creating prefix script '/home/pi5/ros2_ws/install/local_setup.bash'
[3.133s] colcon.colcon_core.shell INFO Creating prefix chain script '/home/pi5/ros2_ws/install/setup.bash'
[3.135s] colcon.colcon_core.shell INFO Creating prefix script '/home/pi5/ros2_ws/install/local_setup.zsh'
[3.136s] colcon.colcon_core.shell INFO Creating prefix chain script '/home/pi5/ros2_ws/install/setup.zsh'
