[4.495s] Invoking command in '/home/pi5/ros2_ws/src/speech_recognition': DEBUGINFOD_URLS=https://debuginfod.ubuntu.com PYTHONPATH=/home/pi5/ros2_ws/build/speech_recognition/prefix_override:/usr/lib/python3/dist-packages/colcon_core/task/python/colcon_distutils_commands:/home/pi5/ros2_ws/install/speech_recognition/lib/python3.12/site-packages:${PYTHONPATH} /usr/bin/python3 -W ignore:setup.py install is deprecated -W ignore:easy_install command is deprecated setup.py egg_info --egg-base ../../build/speech_recognition build --build-base /home/pi5/ros2_ws/build/speech_recognition/build install --record /home/pi5/ros2_ws/build/speech_recognition/install.log --single-version-externally-managed install_data
[5.084s] running egg_info
[5.116s] writing ../../build/speech_recognition/speech_recognition.egg-info/PKG-INFO
[5.147s] writing dependency_links to ../../build/speech_recognition/speech_recognition.egg-info/dependency_links.txt
[5.147s] writing entry points to ../../build/speech_recognition/speech_recognition.egg-info/entry_points.txt
[5.148s] writing requirements to ../../build/speech_recognition/speech_recognition.egg-info/requires.txt
[5.148s] writing top-level names to ../../build/speech_recognition/speech_recognition.egg-info/top_level.txt
[5.639s] reading manifest file '../../build/speech_recognition/speech_recognition.egg-info/SOURCES.txt'
[5.640s] writing manifest file '../../build/speech_recognition/speech_recognition.egg-info/SOURCES.txt'
[5.700s] running build
[5.700s] running build_py
[5.700s] copying speech_recognition/stt_node.py -> /home/pi5/ros2_ws/build/speech_recognition/build/lib/speech_recognition
[6.641s] running install
[6.646s] running install_lib
[6.678s] copying /home/pi5/ros2_ws/build/speech_recognition/build/lib/speech_recognition/stt_node.py -> /home/pi5/ros2_ws/install/speech_recognition/lib/python3.12/site-packages/speech_recognition
[6.702s] byte-compiling /home/pi5/ros2_ws/install/speech_recognition/lib/python3.12/site-packages/speech_recognition/stt_node.py to stt_node.cpython-312.pyc
[6.705s] running install_data
[6.705s] running install_egg_info
[6.740s] removing '/home/pi5/ros2_ws/install/speech_recognition/lib/python3.12/site-packages/speech_recognition-0.0.0-py3.12.egg-info' (and everything under it)
[6.771s] Copying ../../build/speech_recognition/speech_recognition.egg-info to /home/pi5/ros2_ws/install/speech_recognition/lib/python3.12/site-packages/speech_recognition-0.0.0-py3.12.egg-info
[6.864s] running install_scripts
[7.113s] Installing stt_node script to /home/pi5/ros2_ws/install/speech_recognition/lib/speech_recognition
[7.126s] writing list of installed files to '/home/pi5/ros2_ws/build/speech_recognition/install.log'
[7.235s] Invoked command in '/home/pi5/ros2_ws/src/speech_recognition' returned '0': DEBUGINFOD_URLS=https://debuginfod.ubuntu.com PYTHONPATH=/home/pi5/ros2_ws/build/speech_recognition/prefix_override:/usr/lib/python3/dist-packages/colcon_core/task/python/colcon_distutils_commands:/home/pi5/ros2_ws/install/speech_recognition/lib/python3.12/site-packages:${PYTHONPATH} /usr/bin/python3 -W ignore:setup.py install is deprecated -W ignore:easy_install command is deprecated setup.py egg_info --egg-base ../../build/speech_recognition build --build-base /home/pi5/ros2_ws/build/speech_recognition/build install --record /home/pi5/ros2_ws/build/speech_recognition/install.log --single-version-externally-managed install_data
