[6.670s] Invoking command in '/home/pi5/ros2_ws/build/speech_recognition': DEBUGINFOD_URLS=https://debuginfod.ubuntu.com PYTHONPATH=/home/pi5/ros2_ws/build/speech_recognition/prefix_override:/usr/lib/python3/dist-packages/colcon_core/task/python/colcon_distutils_commands:/home/pi5/ros2_ws/install/speech_recognition/lib/python3.12/site-packages:${PYTHONPATH} /usr/bin/python3 -W ignore:setup.py install is deprecated -W ignore:easy_install command is deprecated setup.py develop --uninstall --editable --build-directory /home/pi5/ros2_ws/build/speech_recognition/build
[9.614s] running develop
[11.745s] Removing /home/pi5/ros2_ws/install/speech_recognition/lib/python3.12/site-packages/speech-recognition.egg-link (link to .)
[12.082s] Invoked command in '/home/pi5/ros2_ws/build/speech_recognition' returned '0': DEBUGINFOD_URLS=https://debuginfod.ubuntu.com PYTHONPATH=/home/pi5/ros2_ws/build/speech_recognition/prefix_override:/usr/lib/python3/dist-packages/colcon_core/task/python/colcon_distutils_commands:/home/pi5/ros2_ws/install/speech_recognition/lib/python3.12/site-packages:${PYTHONPATH} /usr/bin/python3 -W ignore:setup.py install is deprecated -W ignore:easy_install command is deprecated setup.py develop --uninstall --editable --build-directory /home/pi5/ros2_ws/build/speech_recognition/build
[12.091s] Invoking command in '/home/pi5/ros2_ws/src/speech_recognition': DEBUGINFOD_URLS=https://debuginfod.ubuntu.com PYTHONPATH=/home/pi5/ros2_ws/build/speech_recognition/prefix_override:/usr/lib/python3/dist-packages/colcon_core/task/python/colcon_distutils_commands:/home/pi5/ros2_ws/install/speech_recognition/lib/python3.12/site-packages:${PYTHONPATH} /usr/bin/python3 -W ignore:setup.py install is deprecated -W ignore:easy_install command is deprecated setup.py egg_info --egg-base ../../build/speech_recognition build --build-base /home/pi5/ros2_ws/build/speech_recognition/build install --record /home/pi5/ros2_ws/build/speech_recognition/install.log --single-version-externally-managed install_data --force
[14.245s] running egg_info
[14.343s] writing ../../build/speech_recognition/speech_recognition.egg-info/PKG-INFO
[14.346s] writing dependency_links to ../../build/speech_recognition/speech_recognition.egg-info/dependency_links.txt
[14.346s] writing entry points to ../../build/speech_recognition/speech_recognition.egg-info/entry_points.txt
[14.347s] writing requirements to ../../build/speech_recognition/speech_recognition.egg-info/requires.txt
[14.349s] writing top-level names to ../../build/speech_recognition/speech_recognition.egg-info/top_level.txt
[14.579s] reading manifest file '../../build/speech_recognition/speech_recognition.egg-info/SOURCES.txt'
[14.583s] writing manifest file '../../build/speech_recognition/speech_recognition.egg-info/SOURCES.txt'
[14.589s] running build
[14.589s] running build_py
[14.589s] copying speech_recognition/stt_node.py -> /home/pi5/ros2_ws/build/speech_recognition/build/lib/speech_recognition
[14.589s] running install
[14.615s] running install_lib
[14.710s] creating /home/pi5/ros2_ws/install/speech_recognition/lib/python3.12/site-packages/speech_recognition
[14.713s] copying /home/pi5/ros2_ws/build/speech_recognition/build/lib/speech_recognition/stt_node.py -> /home/pi5/ros2_ws/install/speech_recognition/lib/python3.12/site-packages/speech_recognition
[14.713s] copying /home/pi5/ros2_ws/build/speech_recognition/build/lib/speech_recognition/__init__.py -> /home/pi5/ros2_ws/install/speech_recognition/lib/python3.12/site-packages/speech_recognition
[14.718s] byte-compiling /home/pi5/ros2_ws/install/speech_recognition/lib/python3.12/site-packages/speech_recognition/stt_node.py to stt_node.cpython-312.pyc
[14.720s] byte-compiling /home/pi5/ros2_ws/install/speech_recognition/lib/python3.12/site-packages/speech_recognition/__init__.py to __init__.cpython-312.pyc
[14.723s] running install_data
[14.724s] copying resource/speech_recognition -> /home/pi5/ros2_ws/install/speech_recognition/share/ament_index/resource_index/packages
[14.724s] copying package.xml -> /home/pi5/ros2_ws/install/speech_recognition/share/speech_recognition
[14.724s] running install_egg_info
[14.810s] Copying ../../build/speech_recognition/speech_recognition.egg-info to /home/pi5/ros2_ws/install/speech_recognition/lib/python3.12/site-packages/speech_recognition-0.0.0-py3.12.egg-info
[14.813s] running install_scripts
[15.368s] Installing stt_node script to /home/pi5/ros2_ws/install/speech_recognition/lib/speech_recognition
[15.368s] writing list of installed files to '/home/pi5/ros2_ws/build/speech_recognition/install.log'
[15.525s] Invoked command in '/home/pi5/ros2_ws/src/speech_recognition' returned '0': DEBUGINFOD_URLS=https://debuginfod.ubuntu.com PYTHONPATH=/home/pi5/ros2_ws/build/speech_recognition/prefix_override:/usr/lib/python3/dist-packages/colcon_core/task/python/colcon_distutils_commands:/home/pi5/ros2_ws/install/speech_recognition/lib/python3.12/site-packages:${PYTHONPATH} /usr/bin/python3 -W ignore:setup.py install is deprecated -W ignore:easy_install command is deprecated setup.py egg_info --egg-base ../../build/speech_recognition build --build-base /home/pi5/ros2_ws/build/speech_recognition/build install --record /home/pi5/ros2_ws/build/speech_recognition/install.log --single-version-externally-managed install_data --force
