[2.265s] Invoking command in '/home/pi5/ros2_ws/build/speech_recognition': DEBUGINFOD_URLS=https://debuginfod.ubuntu.com PYTHONPATH=/home/pi5/ros2_ws/build/speech_recognition/prefix_override:/usr/lib/python3/dist-packages/colcon_core/task/python/colcon_distutils_commands:/home/pi5/ros2_ws/install/speech_recognition/lib/python3.12/site-packages:${PYTHONPATH} /usr/bin/python3 -W ignore:setup.py install is deprecated -W ignore:easy_install command is deprecated setup.py develop --editable --build-directory /home/pi5/ros2_ws/build/speech_recognition/build --no-deps symlink_data
[3.150s] running develop
[3.661s] running egg_info
[3.661s] creating speech_recognition.egg-info
[3.722s] writing speech_recognition.egg-info/PKG-INFO
[3.723s] writing dependency_links to speech_recognition.egg-info/dependency_links.txt
[3.724s] writing entry points to speech_recognition.egg-info/entry_points.txt
[3.724s] writing requirements to speech_recognition.egg-info/requires.txt
[3.724s] writing top-level names to speech_recognition.egg-info/top_level.txt
[3.724s] writing manifest file 'speech_recognition.egg-info/SOURCES.txt'
[3.833s] reading manifest file 'speech_recognition.egg-info/SOURCES.txt'
[3.833s] writing manifest file 'speech_recognition.egg-info/SOURCES.txt'
[3.886s] running build_ext
[3.886s] Creating /home/pi5/ros2_ws/install/speech_recognition/lib/python3.12/site-packages/speech-recognition.egg-link (link to .)
[3.889s] Installing stt_node script to /home/pi5/ros2_ws/install/speech_recognition/lib/speech_recognition
[3.889s] 
[3.889s] Installed /home/pi5/ros2_ws/build/speech_recognition
[3.889s] running symlink_data
[3.889s] creating /home/pi5/ros2_ws/install/speech_recognition/share/ament_index
[3.890s] creating /home/pi5/ros2_ws/install/speech_recognition/share/ament_index/resource_index
[3.890s] creating /home/pi5/ros2_ws/install/speech_recognition/share/ament_index/resource_index/packages
[3.890s] symbolically linking /home/pi5/ros2_ws/build/speech_recognition/resource/speech_recognition -> /home/pi5/ros2_ws/install/speech_recognition/share/ament_index/resource_index/packages
[3.890s] symbolically linking /home/pi5/ros2_ws/build/speech_recognition/package.xml -> /home/pi5/ros2_ws/install/speech_recognition/share/speech_recognition
[4.027s] Invoked command in '/home/pi5/ros2_ws/build/speech_recognition' returned '0': DEBUGINFOD_URLS=https://debuginfod.ubuntu.com PYTHONPATH=/home/pi5/ros2_ws/build/speech_recognition/prefix_override:/usr/lib/python3/dist-packages/colcon_core/task/python/colcon_distutils_commands:/home/pi5/ros2_ws/install/speech_recognition/lib/python3.12/site-packages:${PYTHONPATH} /usr/bin/python3 -W ignore:setup.py install is deprecated -W ignore:easy_install command is deprecated setup.py develop --editable --build-directory /home/pi5/ros2_ws/build/speech_recognition/build --no-deps symlink_data
