[2.320s] Invoking command in '/home/pi5/ros2_ws/src/speech_recognition': DEBUGINFOD_URLS=https://debuginfod.ubuntu.com PYTHONPATH=/home/pi5/ros2_ws/build/speech_recognition/prefix_override:/usr/lib/python3/dist-packages/colcon_core/task/python/colcon_distutils_commands:/home/pi5/ros2_ws/install/speech_recognition/lib/python3.12/site-packages:${PYTHONPATH} /usr/bin/python3 -W ignore:setup.py install is deprecated -W ignore:easy_install command is deprecated setup.py egg_info --egg-base ../../build/speech_recognition build --build-base /home/pi5/ros2_ws/build/speech_recognition/build install --record /home/pi5/ros2_ws/build/speech_recognition/install.log --single-version-externally-managed install_data
[2.900s] running egg_info
[2.948s] writing ../../build/speech_recognition/speech_recognition.egg-info/PKG-INFO
[2.949s] writing dependency_links to ../../build/speech_recognition/speech_recognition.egg-info/dependency_links.txt
[2.950s] writing entry points to ../../build/speech_recognition/speech_recognition.egg-info/entry_points.txt
[2.952s] writing requirements to ../../build/speech_recognition/speech_recognition.egg-info/requires.txt
[2.953s] writing top-level names to ../../build/speech_recognition/speech_recognition.egg-info/top_level.txt
[3.049s] reading manifest file '../../build/speech_recognition/speech_recognition.egg-info/SOURCES.txt'
[3.051s] writing manifest file '../../build/speech_recognition/speech_recognition.egg-info/SOURCES.txt'
[3.051s] running build
[3.052s] running build_py
[3.052s] running install
[3.067s] running install_lib
[3.114s] running install_data
[3.114s] running install_egg_info
[3.164s] removing '/home/pi5/ros2_ws/install/speech_recognition/lib/python3.12/site-packages/speech_recognition-0.0.0-py3.12.egg-info' (and everything under it)
[3.164s] Copying ../../build/speech_recognition/speech_recognition.egg-info to /home/pi5/ros2_ws/install/speech_recognition/lib/python3.12/site-packages/speech_recognition-0.0.0-py3.12.egg-info
[3.166s] running install_scripts
[3.495s] Installing stt_node script to /home/pi5/ros2_ws/install/speech_recognition/lib/speech_recognition
[3.496s] writing list of installed files to '/home/pi5/ros2_ws/build/speech_recognition/install.log'
[3.628s] Invoked command in '/home/pi5/ros2_ws/src/speech_recognition' returned '0': DEBUGINFOD_URLS=https://debuginfod.ubuntu.com PYTHONPATH=/home/pi5/ros2_ws/build/speech_recognition/prefix_override:/usr/lib/python3/dist-packages/colcon_core/task/python/colcon_distutils_commands:/home/pi5/ros2_ws/install/speech_recognition/lib/python3.12/site-packages:${PYTHONPATH} /usr/bin/python3 -W ignore:setup.py install is deprecated -W ignore:easy_install command is deprecated setup.py egg_info --egg-base ../../build/speech_recognition build --build-base /home/pi5/ros2_ws/build/speech_recognition/build install --record /home/pi5/ros2_ws/build/speech_recognition/install.log --single-version-externally-managed install_data
