[1.790s] Invoking command in '/home/pi5/ros2_ws/src/tts_speaker': DEBUGINFOD_URLS=https://debuginfod.ubuntu.com PYTHONPATH=/home/pi5/ros2_ws/build/tts_speaker/prefix_override:/usr/lib/python3/dist-packages/colcon_core/task/python/colcon_distutils_commands:/home/pi5/ros2_ws/install/tts_speaker/lib/python3.12/site-packages:${PYTHONPATH} /usr/bin/python3 -W ignore:setup.py install is deprecated -W ignore:easy_install command is deprecated setup.py egg_info --egg-base ../../build/tts_speaker build --build-base /home/pi5/ros2_ws/build/tts_speaker/build install --record /home/pi5/ros2_ws/build/tts_speaker/install.log --single-version-externally-managed install_data
[2.204s] running egg_info
[2.233s] writing ../../build/tts_speaker/tts_speaker.egg-info/PKG-INFO
[2.234s] writing dependency_links to ../../build/tts_speaker/tts_speaker.egg-info/dependency_links.txt
[2.235s] writing entry points to ../../build/tts_speaker/tts_speaker.egg-info/entry_points.txt
[2.236s] writing requirements to ../../build/tts_speaker/tts_speaker.egg-info/requires.txt
[2.236s] writing top-level names to ../../build/tts_speaker/tts_speaker.egg-info/top_level.txt
[2.299s] reading manifest file '../../build/tts_speaker/tts_speaker.egg-info/SOURCES.txt'
[2.300s] writing manifest file '../../build/tts_speaker/tts_speaker.egg-info/SOURCES.txt'
[2.300s] running build
[2.300s] running build_py
[2.300s] copying tts_speaker/tts_speaker_node.py -> /home/pi5/ros2_ws/build/tts_speaker/build/lib/tts_speaker
[2.301s] running install
[2.310s] running install_lib
[2.344s] copying /home/pi5/ros2_ws/build/tts_speaker/build/lib/tts_speaker/tts_speaker_node.py -> /home/pi5/ros2_ws/install/tts_speaker/lib/python3.12/site-packages/tts_speaker
[2.345s] byte-compiling /home/pi5/ros2_ws/install/tts_speaker/lib/python3.12/site-packages/tts_speaker/tts_speaker_node.py to tts_speaker_node.cpython-312.pyc
[2.346s] running install_data
[2.346s] running install_egg_info
[2.379s] removing '/home/pi5/ros2_ws/install/tts_speaker/lib/python3.12/site-packages/tts_speaker-0.0.0-py3.12.egg-info' (and everything under it)
[2.380s] Copying ../../build/tts_speaker/tts_speaker.egg-info to /home/pi5/ros2_ws/install/tts_speaker/lib/python3.12/site-packages/tts_speaker-0.0.0-py3.12.egg-info
[2.381s] running install_scripts
[2.582s] Installing tts_speaker_node script to /home/pi5/ros2_ws/install/tts_speaker/lib/tts_speaker
[2.583s] writing list of installed files to '/home/pi5/ros2_ws/build/tts_speaker/install.log'
[2.672s] Invoked command in '/home/pi5/ros2_ws/src/tts_speaker' returned '0': DEBUGINFOD_URLS=https://debuginfod.ubuntu.com PYTHONPATH=/home/pi5/ros2_ws/build/tts_speaker/prefix_override:/usr/lib/python3/dist-packages/colcon_core/task/python/colcon_distutils_commands:/home/pi5/ros2_ws/install/tts_speaker/lib/python3.12/site-packages:${PYTHONPATH} /usr/bin/python3 -W ignore:setup.py install is deprecated -W ignore:easy_install command is deprecated setup.py egg_info --egg-base ../../build/tts_speaker build --build-base /home/pi5/ros2_ws/build/tts_speaker/build install --record /home/pi5/ros2_ws/build/tts_speaker/install.log --single-version-externally-managed install_data
