[3.184s] Invoking command in '/home/pi5/ros2_ws/src/tts_speaker': DEBUGINFOD_URLS=https://debuginfod.ubuntu.com PYTHONPATH=/home/pi5/ros2_ws/build/tts_speaker/prefix_override:/usr/lib/python3/dist-packages/colcon_core/task/python/colcon_distutils_commands:/home/pi5/ros2_ws/install/tts_speaker/lib/python3.12/site-packages:${PYTHONPATH} /usr/bin/python3 -W ignore:setup.py install is deprecated -W ignore:easy_install command is deprecated setup.py egg_info --egg-base ../../build/tts_speaker build --build-base /home/pi5/ros2_ws/build/tts_speaker/build install --record /home/pi5/ros2_ws/build/tts_speaker/install.log --single-version-externally-managed install_data
[4.067s] running egg_info
[4.105s] writing ../../build/tts_speaker/tts_speaker.egg-info/PKG-INFO
[4.105s] writing dependency_links to ../../build/tts_speaker/tts_speaker.egg-info/dependency_links.txt
[4.108s] writing entry points to ../../build/tts_speaker/tts_speaker.egg-info/entry_points.txt
[4.111s] writing requirements to ../../build/tts_speaker/tts_speaker.egg-info/requires.txt
[4.115s] writing top-level names to ../../build/tts_speaker/tts_speaker.egg-info/top_level.txt
[4.252s] reading manifest file '../../build/tts_speaker/tts_speaker.egg-info/SOURCES.txt'
[4.253s] writing manifest file '../../build/tts_speaker/tts_speaker.egg-info/SOURCES.txt'
[4.253s] running build
[4.256s] running build_py
[4.256s] running install
[4.272s] running install_lib
[4.329s] running install_data
[4.332s] running install_egg_info
[4.385s] removing '/home/pi5/ros2_ws/install/tts_speaker/lib/python3.12/site-packages/tts_speaker-0.0.0-py3.12.egg-info' (and everything under it)
[4.387s] Copying ../../build/tts_speaker/tts_speaker.egg-info to /home/pi5/ros2_ws/install/tts_speaker/lib/python3.12/site-packages/tts_speaker-0.0.0-py3.12.egg-info
[4.389s] running install_scripts
[4.913s] Installing tts_speaker_node script to /home/pi5/ros2_ws/install/tts_speaker/lib/tts_speaker
[4.916s] writing list of installed files to '/home/pi5/ros2_ws/build/tts_speaker/install.log'
[5.053s] Invoked command in '/home/pi5/ros2_ws/src/tts_speaker' returned '0': DEBUGINFOD_URLS=https://debuginfod.ubuntu.com PYTHONPATH=/home/pi5/ros2_ws/build/tts_speaker/prefix_override:/usr/lib/python3/dist-packages/colcon_core/task/python/colcon_distutils_commands:/home/pi5/ros2_ws/install/tts_speaker/lib/python3.12/site-packages:${PYTHONPATH} /usr/bin/python3 -W ignore:setup.py install is deprecated -W ignore:easy_install command is deprecated setup.py egg_info --egg-base ../../build/tts_speaker build --build-base /home/pi5/ros2_ws/build/tts_speaker/build install --record /home/pi5/ros2_ws/build/tts_speaker/install.log --single-version-externally-managed install_data
