[2.412s] Invoking command in '/home/pi5/ros2_ws/src/tts_speaker': DEBUGINFOD_URLS=https://debuginfod.ubuntu.com PYTHONPATH=/home/pi5/ros2_ws/build/tts_speaker/prefix_override:/usr/lib/python3/dist-packages/colcon_core/task/python/colcon_distutils_commands:/home/pi5/ros2_ws/install/tts_speaker/lib/python3.12/site-packages:${PYTHONPATH} /usr/bin/python3 -W ignore:setup.py install is deprecated -W ignore:easy_install command is deprecated setup.py egg_info --egg-base ../../build/tts_speaker build --build-base /home/pi5/ros2_ws/build/tts_speaker/build install --record /home/pi5/ros2_ws/build/tts_speaker/install.log --single-version-externally-managed install_data
[2.843s] running egg_info
[2.872s] writing ../../build/tts_speaker/tts_speaker.egg-info/PKG-INFO
[2.872s] writing dependency_links to ../../build/tts_speaker/tts_speaker.egg-info/dependency_links.txt
[2.874s] writing entry points to ../../build/tts_speaker/tts_speaker.egg-info/entry_points.txt
[2.875s] writing requirements to ../../build/tts_speaker/tts_speaker.egg-info/requires.txt
[2.877s] writing top-level names to ../../build/tts_speaker/tts_speaker.egg-info/top_level.txt
[2.938s] reading manifest file '../../build/tts_speaker/tts_speaker.egg-info/SOURCES.txt'
[2.939s] writing manifest file '../../build/tts_speaker/tts_speaker.egg-info/SOURCES.txt'
[2.940s] running build
[2.940s] running build_py
[2.940s] running install
[2.950s] running install_lib
[2.979s] running install_data
[2.980s] running install_egg_info
[3.014s] removing '/home/pi5/ros2_ws/install/tts_speaker/lib/python3.12/site-packages/tts_speaker-0.0.0-py3.12.egg-info' (and everything under it)
[3.014s] Copying ../../build/tts_speaker/tts_speaker.egg-info to /home/pi5/ros2_ws/install/tts_speaker/lib/python3.12/site-packages/tts_speaker-0.0.0-py3.12.egg-info
[3.015s] running install_scripts
[3.240s] Installing tts_speaker_node script to /home/pi5/ros2_ws/install/tts_speaker/lib/tts_speaker
[3.240s] writing list of installed files to '/home/pi5/ros2_ws/build/tts_speaker/install.log'
[3.361s] Invoked command in '/home/pi5/ros2_ws/src/tts_speaker' returned '0': DEBUGINFOD_URLS=https://debuginfod.ubuntu.com PYTHONPATH=/home/pi5/ros2_ws/build/tts_speaker/prefix_override:/usr/lib/python3/dist-packages/colcon_core/task/python/colcon_distutils_commands:/home/pi5/ros2_ws/install/tts_speaker/lib/python3.12/site-packages:${PYTHONPATH} /usr/bin/python3 -W ignore:setup.py install is deprecated -W ignore:easy_install command is deprecated setup.py egg_info --egg-base ../../build/tts_speaker build --build-base /home/pi5/ros2_ws/build/tts_speaker/build install --record /home/pi5/ros2_ws/build/tts_speaker/install.log --single-version-externally-managed install_data
