[3.586s] Invoking command in '/home/pi5/ros2_ws/src/speech_recognition': DEBUGINFOD_URLS=https://debuginfod.ubuntu.com PYTHONPATH=/home/pi5/ros2_ws/build/speech_recognition/prefix_override:/usr/lib/python3/dist-packages/colcon_core/task/python/colcon_distutils_commands:/home/pi5/ros2_ws/install/speech_recognition/lib/python3.12/site-packages:${PYTHONPATH} /usr/bin/python3 -W ignore:setup.py install is deprecated -W ignore:easy_install command is deprecated setup.py egg_info --egg-base ../../build/speech_recognition build --build-base /home/pi5/ros2_ws/build/speech_recognition/build install --record /home/pi5/ros2_ws/build/speech_recognition/install.log --single-version-externally-managed install_data
[4.453s] running egg_info
[4.540s] writing ../../build/speech_recognition/speech_recognition.egg-info/PKG-INFO
[4.540s] writing dependency_links to ../../build/speech_recognition/speech_recognition.egg-info/dependency_links.txt
[4.540s] writing entry points to ../../build/speech_recognition/speech_recognition.egg-info/entry_points.txt
[4.541s] writing requirements to ../../build/speech_recognition/speech_recognition.egg-info/requires.txt
[4.542s] writing top-level names to ../../build/speech_recognition/speech_recognition.egg-info/top_level.txt
[4.698s] reading manifest file '../../build/speech_recognition/speech_recognition.egg-info/SOURCES.txt'
[4.699s] writing manifest file '../../build/speech_recognition/speech_recognition.egg-info/SOURCES.txt'
[4.701s] running build
[4.703s] running build_py
[4.704s] running install
[4.720s] running install_lib
[4.776s] running install_data
[4.780s] running install_egg_info
[4.842s] removing '/home/pi5/ros2_ws/install/speech_recognition/lib/python3.12/site-packages/speech_recognition-0.0.0-py3.12.egg-info' (and everything under it)
[4.843s] Copying ../../build/speech_recognition/speech_recognition.egg-info to /home/pi5/ros2_ws/install/speech_recognition/lib/python3.12/site-packages/speech_recognition-0.0.0-py3.12.egg-info
[4.845s] running install_scripts
[5.258s] Installing stt_node script to /home/pi5/ros2_ws/install/speech_recognition/lib/speech_recognition
[5.261s] writing list of installed files to '/home/pi5/ros2_ws/build/speech_recognition/install.log'
[5.413s] Invoked command in '/home/pi5/ros2_ws/src/speech_recognition' returned '0': DEBUGINFOD_URLS=https://debuginfod.ubuntu.com PYTHONPATH=/home/pi5/ros2_ws/build/speech_recognition/prefix_override:/usr/lib/python3/dist-packages/colcon_core/task/python/colcon_distutils_commands:/home/pi5/ros2_ws/install/speech_recognition/lib/python3.12/site-packages:${PYTHONPATH} /usr/bin/python3 -W ignore:setup.py install is deprecated -W ignore:easy_install command is deprecated setup.py egg_info --egg-base ../../build/speech_recognition build --build-base /home/pi5/ros2_ws/build/speech_recognition/build install --record /home/pi5/ros2_ws/build/speech_recognition/install.log --single-version-externally-managed install_data
