running develop
Removing /home/pi5/ros2_ws/install/speech_recognition/lib/python3.12/site-packages/speech-recognition.egg-link (link to .)
running egg_info
writing ../../build/speech_recognition/speech_recognition.egg-info/PKG-INFO
writing dependency_links to ../../build/speech_recognition/speech_recognition.egg-info/dependency_links.txt
writing entry points to ../../build/speech_recognition/speech_recognition.egg-info/entry_points.txt
writing requirements to ../../build/speech_recognition/speech_recognition.egg-info/requires.txt
writing top-level names to ../../build/speech_recognition/speech_recognition.egg-info/top_level.txt
reading manifest file '../../build/speech_recognition/speech_recognition.egg-info/SOURCES.txt'
writing manifest file '../../build/speech_recognition/speech_recognition.egg-info/SOURCES.txt'
running build
running build_py
running install
running install_lib
creating /home/pi5/ros2_ws/install/speech_recognition/lib/python3.12/site-packages/speech_recognition
copying /home/pi5/ros2_ws/build/speech_recognition/build/lib/speech_recognition/stt_node.py -> /home/pi5/ros2_ws/install/speech_recognition/lib/python3.12/site-packages/speech_recognition
copying /home/pi5/ros2_ws/build/speech_recognition/build/lib/speech_recognition/__init__.py -> /home/pi5/ros2_ws/install/speech_recognition/lib/python3.12/site-packages/speech_recognition
byte-compiling /home/pi5/ros2_ws/install/speech_recognition/lib/python3.12/site-packages/speech_recognition/stt_node.py to stt_node.cpython-312.pyc
byte-compiling /home/pi5/ros2_ws/install/speech_recognition/lib/python3.12/site-packages/speech_recognition/__init__.py to __init__.cpython-312.pyc
running install_data
copying resource/speech_recognition -> /home/pi5/ros2_ws/install/speech_recognition/share/ament_index/resource_index/packages
copying package.xml -> /home/pi5/ros2_ws/install/speech_recognition/share/speech_recognition
running install_egg_info
Copying ../../build/speech_recognition/speech_recognition.egg-info to /home/pi5/ros2_ws/install/speech_recognition/lib/python3.12/site-packages/speech_recognition-0.0.0-py3.12.egg-info
running install_scripts
Installing stt_node script to /home/pi5/ros2_ws/install/speech_recognition/lib/speech_recognition
writing list of installed files to '/home/pi5/ros2_ws/build/speech_recognition/install.log'
