[1.530s] Invoking command in '/home/pi5/ros2_ws/build/speech_recognition': DEBUGINFOD_URLS=https://debuginfod.ubuntu.com PYTHONPATH=/home/pi5/ros2_ws/build/speech_recognition/prefix_override:/usr/lib/python3/dist-packages/colcon_core/task/python/colcon_distutils_commands:/home/pi5/ros2_ws/install/speech_recognition/lib/python3.12/site-packages:${PYTHONPATH} /usr/bin/python3 -W ignore:setup.py install is deprecated -W ignore:easy_install command is deprecated setup.py develop --uninstall --editable --build-directory /home/pi5/ros2_ws/build/speech_recognition/build
[2.147s] running develop
[2.477s] Removing /home/pi5/ros2_ws/install/speech_recognition/lib/python3.12/site-packages/speech-recognition.egg-link (link to .)
[2.603s] Invoked command in '/home/pi5/ros2_ws/build/speech_recognition' returned '0': DEBUGINFOD_URLS=https://debuginfod.ubuntu.com PYTHONPATH=/home/pi5/ros2_ws/build/speech_recognition/prefix_override:/usr/lib/python3/dist-packages/colcon_core/task/python/colcon_distutils_commands:/home/pi5/ros2_ws/install/speech_recognition/lib/python3.12/site-packages:${PYTHONPATH} /usr/bin/python3 -W ignore:setup.py install is deprecated -W ignore:easy_install command is deprecated setup.py develop --uninstall --editable --build-directory /home/pi5/ros2_ws/build/speech_recognition/build
[2.605s] Invoking command in '/home/pi5/ros2_ws/src/speech_recognition': DEBUGINFOD_URLS=https://debuginfod.ubuntu.com PYTHONPATH=/home/pi5/ros2_ws/build/speech_recognition/prefix_override:/usr/lib/python3/dist-packages/colcon_core/task/python/colcon_distutils_commands:/home/pi5/ros2_ws/install/speech_recognition/lib/python3.12/site-packages:${PYTHONPATH} /usr/bin/python3 -W ignore:setup.py install is deprecated -W ignore:easy_install command is deprecated setup.py egg_info --egg-base ../../build/speech_recognition build --build-base /home/pi5/ros2_ws/build/speech_recognition/build install --record /home/pi5/ros2_ws/build/speech_recognition/install.log --single-version-externally-managed install_data --force
[3.049s] running egg_info
[3.081s] writing ../../build/speech_recognition/speech_recognition.egg-info/PKG-INFO
[3.082s] writing dependency_links to ../../build/speech_recognition/speech_recognition.egg-info/dependency_links.txt
[3.083s] writing entry points to ../../build/speech_recognition/speech_recognition.egg-info/entry_points.txt
[3.084s] writing requirements to ../../build/speech_recognition/speech_recognition.egg-info/requires.txt
[3.084s] writing top-level names to ../../build/speech_recognition/speech_recognition.egg-info/top_level.txt
[3.151s] reading manifest file '../../build/speech_recognition/speech_recognition.egg-info/SOURCES.txt'
[3.152s] writing manifest file '../../build/speech_recognition/speech_recognition.egg-info/SOURCES.txt'
[3.153s] running build
[3.153s] running build_py
[3.153s] running install
[3.164s] running install_lib
[3.197s] creating /home/pi5/ros2_ws/install/speech_recognition/lib/python3.12/site-packages/speech_recognition
[3.198s] copying /home/pi5/ros2_ws/build/speech_recognition/build/lib/speech_recognition/stt_node.py -> /home/pi5/ros2_ws/install/speech_recognition/lib/python3.12/site-packages/speech_recognition
[3.198s] copying /home/pi5/ros2_ws/build/speech_recognition/build/lib/speech_recognition/__init__.py -> /home/pi5/ros2_ws/install/speech_recognition/lib/python3.12/site-packages/speech_recognition
[3.199s] byte-compiling /home/pi5/ros2_ws/install/speech_recognition/lib/python3.12/site-packages/speech_recognition/stt_node.py to stt_node.cpython-312.pyc
[3.202s] byte-compiling /home/pi5/ros2_ws/install/speech_recognition/lib/python3.12/site-packages/speech_recognition/__init__.py to __init__.cpython-312.pyc
[3.202s] running install_data
[3.203s] copying resource/speech_recognition -> /home/pi5/ros2_ws/install/speech_recognition/share/ament_index/resource_index/packages
[3.203s] copying package.xml -> /home/pi5/ros2_ws/install/speech_recognition/share/speech_recognition
[3.203s] running install_egg_info
[3.251s] Copying ../../build/speech_recognition/speech_recognition.egg-info to /home/pi5/ros2_ws/install/speech_recognition/lib/python3.12/site-packages/speech_recognition-0.0.0-py3.12.egg-info
[3.253s] running install_scripts
[3.517s] Installing stt_node script to /home/pi5/ros2_ws/install/speech_recognition/lib/speech_recognition
[3.518s] writing list of installed files to '/home/pi5/ros2_ws/build/speech_recognition/install.log'
[3.619s] Invoked command in '/home/pi5/ros2_ws/src/speech_recognition' returned '0': DEBUGINFOD_URLS=https://debuginfod.ubuntu.com PYTHONPATH=/home/pi5/ros2_ws/build/speech_recognition/prefix_override:/usr/lib/python3/dist-packages/colcon_core/task/python/colcon_distutils_commands:/home/pi5/ros2_ws/install/speech_recognition/lib/python3.12/site-packages:${PYTHONPATH} /usr/bin/python3 -W ignore:setup.py install is deprecated -W ignore:easy_install command is deprecated setup.py egg_info --egg-base ../../build/speech_recognition build --build-base /home/pi5/ros2_ws/build/speech_recognition/build install --record /home/pi5/ros2_ws/build/speech_recognition/install.log --single-version-externally-managed install_data --force
