-- The C compiler identification is GNU 13.3.0
-- The CXX compiler identification is GNU 13.3.0
-- Detecting C compiler ABI info
-- Detecting C compiler ABI info - done
-- Check for working C compiler: /usr/bin/cc - skipped
-- Detecting C compile features
-- Detecting C compile features - done
-- Detecting CXX compiler ABI info
-- Detecting CXX compiler ABI info - done
-- Check for working CXX compiler: /usr/bin/c++ - skipped
-- Detecting CXX compile features
-- Detecting CXX compile features - done
-- Found ament_cmake: 2.5.4 (/opt/ros/jazzy/share/ament_cmake/cmake)
-- Found Python3: /usr/bin/python3 (found version "3.12.3") found components: Interpreter 
-- Found std_msgs: 5.3.6 (/opt/ros/jazzy/share/std_msgs/cmake)
-- Found rosidl_generator_c: 4.6.6 (/opt/ros/jazzy/share/rosidl_generator_c/cmake)
-- Found rosidl_generator_cpp: 4.6.6 (/opt/ros/jazzy/share/rosidl_generator_cpp/cmake)
-- Using all available rosidl_typesupport_c: rosidl_typesupport_fastrtps_c;rosidl_typesupport_introspection_c
-- Using all available rosidl_typesupport_cpp: rosidl_typesupport_fastrtps_cpp;rosidl_typesupport_introspection_cpp
-- Found geometry_msgs: 5.3.6 (/opt/ros/jazzy/share/geometry_msgs/cmake)
-- Found rosidl_default_generators: 1.6.0 (/opt/ros/jazzy/share/rosidl_default_generators/cmake)
-- Found rosidl_adapter: 4.6.6 (/opt/ros/jazzy/share/rosidl_adapter/cmake)
-- Found ament_cmake_ros: 0.12.0 (/opt/ros/jazzy/share/ament_cmake_ros/cmake)
-- Using all available rosidl_typesupport_c: rosidl_typesupport_fastrtps_c;rosidl_typesupport_introspection_c
-- Using all available rosidl_typesupport_cpp: rosidl_typesupport_fastrtps_cpp;rosidl_typesupport_introspection_cpp
-- Found python_cmake_module: 0.11.1 (/opt/ros/jazzy/share/python_cmake_module/cmake)
-- Found PythonExtra: /usr/bin/python3  
-- Found Python3: /usr/bin/python3 (found version "3.12.3") found components: Interpreter Development NumPy Development.Module Development.Embed 
-- Found ament_lint_auto: 0.17.3 (/opt/ros/jazzy/share/ament_lint_auto/cmake)
-- Configuring done (12.4s)
-- Generating done (0.1s)
-- Build files have been written to: /home/pi5/ros2_ws/build/bno055_imu
[  2%] Generating type hashes for ROS interfaces
[  2%] Built target bno055_imu__rosidl_generator_type_description
[  2%] Built target ament_cmake_python_copy_bno055_imu
[  5%] Generating C code for ROS interfaces
[  8%] Building C object CMakeFiles/bno055_imu__rosidl_generator_c.dir/rosidl_generator_c/bno055_imu/msg/detail/bno055_data__description.c.o
[ 11%] Building C object CMakeFiles/bno055_imu__rosidl_generator_c.dir/rosidl_generator_c/bno055_imu/msg/detail/bno055_data__functions.c.o
[ 14%] Building C object CMakeFiles/bno055_imu__rosidl_generator_c.dir/rosidl_generator_c/bno055_imu/msg/detail/bno055_data__type_support.c.o
[ 17%] Linking C shared library libbno055_imu__rosidl_generator_c.so
[ 17%] Built target bno055_imu__rosidl_generator_c
running egg_info
creating bno055_imu.egg-info
writing bno055_imu.egg-info/PKG-INFO
writing dependency_links to bno055_imu.egg-info/dependency_links.txt
writing top-level names to bno055_imu.egg-info/top_level.txt
writing manifest file 'bno055_imu.egg-info/SOURCES.txt'
reading manifest file 'bno055_imu.egg-info/SOURCES.txt'
writing manifest file 'bno055_imu.egg-info/SOURCES.txt'
[ 17%] Built target ament_cmake_python_build_bno055_imu_egg
[ 20%] Generating C introspection for ROS interfaces
[ 23%] Building C object CMakeFiles/bno055_imu__rosidl_typesupport_introspection_c.dir/rosidl_typesupport_introspection_c/bno055_imu/msg/detail/bno055_data__type_support.c.o
[ 26%] Linking C shared library libbno055_imu__rosidl_typesupport_introspection_c.so
[ 26%] Built target bno055_imu__rosidl_typesupport_introspection_c
[ 29%] Generating C type support dispatch for ROS interfaces
[ 32%] Building CXX object CMakeFiles/bno055_imu__rosidl_typesupport_c.dir/rosidl_typesupport_c/bno055_imu/msg/bno055_data__type_support.cpp.o
[ 35%] Linking CXX shared library libbno055_imu__rosidl_typesupport_c.so
[ 35%] Built target bno055_imu__rosidl_typesupport_c
[ 38%] Generating C type support for eProsima Fast-RTPS
[ 41%] Building CXX object CMakeFiles/bno055_imu__rosidl_typesupport_fastrtps_c.dir/rosidl_typesupport_fastrtps_c/bno055_imu/msg/detail/bno055_data__type_support_c.cpp.o
[ 44%] Linking CXX shared library libbno055_imu__rosidl_typesupport_fastrtps_c.so
[ 44%] Built target bno055_imu__rosidl_typesupport_fastrtps_c
[ 47%] Generating C++ code for ROS interfaces
[ 47%] Built target bno055_imu__cpp
[ 50%] Generating C++ type support dispatch for ROS interfaces
[ 52%] Building CXX object CMakeFiles/bno055_imu__rosidl_typesupport_cpp.dir/rosidl_typesupport_cpp/bno055_imu/msg/bno055_data__type_support.cpp.o
[ 55%] Linking CXX shared library libbno055_imu__rosidl_typesupport_cpp.so
[ 55%] Built target bno055_imu__rosidl_typesupport_cpp
[ 58%] Generating C++ introspection for ROS interfaces
[ 61%] Building CXX object CMakeFiles/bno055_imu__rosidl_typesupport_introspection_cpp.dir/rosidl_typesupport_introspection_cpp/bno055_imu/msg/detail/bno055_data__type_support.cpp.o
[ 64%] Linking CXX shared library libbno055_imu__rosidl_typesupport_introspection_cpp.so
[ 64%] Built target bno055_imu__rosidl_typesupport_introspection_cpp
[ 67%] Generating C++ type support for eProsima Fast-RTPS
[ 70%] Building CXX object CMakeFiles/bno055_imu__rosidl_typesupport_fastrtps_cpp.dir/rosidl_typesupport_fastrtps_cpp/bno055_imu/msg/detail/dds_fastrtps/bno055_data__type_support.cpp.o
[ 73%] Linking CXX shared library libbno055_imu__rosidl_typesupport_fastrtps_cpp.so
[ 73%] Built target bno055_imu__rosidl_typesupport_fastrtps_cpp
[ 73%] Built target bno055_imu
[ 76%] Generating Python code for ROS interfaces
[ 76%] Built target bno055_imu__py
[ 79%] Building C object CMakeFiles/bno055_imu__rosidl_generator_py.dir/rosidl_generator_py/bno055_imu/msg/_bno055_data_s.c.o
[ 82%] Linking C shared library libbno055_imu__rosidl_generator_py.so
[ 82%] Built target bno055_imu__rosidl_generator_py
[ 85%] Building C object CMakeFiles/bno055_imu_s__rosidl_typesupport_fastrtps_c.dir/rosidl_generator_py/bno055_imu/_bno055_imu_s.ep.rosidl_typesupport_fastrtps_c.c.o
[ 88%] Linking C shared module rosidl_generator_py/bno055_imu/bno055_imu_s__rosidl_typesupport_fastrtps_c.so
[ 88%] Built target bno055_imu_s__rosidl_typesupport_fastrtps_c
[ 91%] Building C object CMakeFiles/bno055_imu_s__rosidl_typesupport_c.dir/rosidl_generator_py/bno055_imu/_bno055_imu_s.ep.rosidl_typesupport_c.c.o
[ 94%] Linking C shared module rosidl_generator_py/bno055_imu/bno055_imu_s__rosidl_typesupport_c.so
[ 94%] Built target bno055_imu_s__rosidl_typesupport_c
[ 97%] Building C object CMakeFiles/bno055_imu_s__rosidl_typesupport_introspection_c.dir/rosidl_generator_py/bno055_imu/_bno055_imu_s.ep.rosidl_typesupport_introspection_c.c.o
[100%] Linking C shared module rosidl_generator_py/bno055_imu/bno055_imu_s__rosidl_typesupport_introspection_c.so
[100%] Built target bno055_imu_s__rosidl_typesupport_introspection_c
-- Install configuration: ""
-- Installing: /home/pi5/ros2_ws/install/bno055_imu/share/ament_index/resource_index/rosidl_interfaces/bno055_imu
-- Installing: /home/pi5/ros2_ws/install/bno055_imu/share/bno055_imu/msg/BNO055Data.json
-- Installing: /home/pi5/ros2_ws/install/bno055_imu/include/bno055_imu/bno055_imu
-- Installing: /home/pi5/ros2_ws/install/bno055_imu/include/bno055_imu/bno055_imu/msg
-- Installing: /home/pi5/ros2_ws/install/bno055_imu/include/bno055_imu/bno055_imu/msg/rosidl_generator_c__visibility_control.h
-- Installing: /home/pi5/ros2_ws/install/bno055_imu/include/bno055_imu/bno055_imu/msg/detail
-- Installing: /home/pi5/ros2_ws/install/bno055_imu/include/bno055_imu/bno055_imu/msg/detail/bno055_data__description.c
-- Installing: /home/pi5/ros2_ws/install/bno055_imu/include/bno055_imu/bno055_imu/msg/detail/bno055_data__struct.h
-- Installing: /home/pi5/ros2_ws/install/bno055_imu/include/bno055_imu/bno055_imu/msg/detail/bno055_data__type_support.c
-- Installing: /home/pi5/ros2_ws/install/bno055_imu/include/bno055_imu/bno055_imu/msg/detail/bno055_data__type_support.h
-- Installing: /home/pi5/ros2_ws/install/bno055_imu/include/bno055_imu/bno055_imu/msg/detail/bno055_data__functions.h
-- Installing: /home/pi5/ros2_ws/install/bno055_imu/include/bno055_imu/bno055_imu/msg/detail/bno055_data__functions.c
-- Installing: /home/pi5/ros2_ws/install/bno055_imu/include/bno055_imu/bno055_imu/msg/bno055_data.h
-- Installing: /home/pi5/ros2_ws/install/bno055_imu/share/bno055_imu/environment/library_path.sh
-- Installing: /home/pi5/ros2_ws/install/bno055_imu/share/bno055_imu/environment/library_path.dsv
-- Installing: /home/pi5/ros2_ws/install/bno055_imu/lib/libbno055_imu__rosidl_generator_c.so
-- Set non-toolchain portion of runtime path of "/home/pi5/ros2_ws/install/bno055_imu/lib/libbno055_imu__rosidl_generator_c.so" to ""
-- Up-to-date: /home/pi5/ros2_ws/install/bno055_imu/include/bno055_imu/bno055_imu
-- Up-to-date: /home/pi5/ros2_ws/install/bno055_imu/include/bno055_imu/bno055_imu/msg
-- Installing: /home/pi5/ros2_ws/install/bno055_imu/include/bno055_imu/bno055_imu/msg/rosidl_typesupport_fastrtps_c__visibility_control.h
-- Up-to-date: /home/pi5/ros2_ws/install/bno055_imu/include/bno055_imu/bno055_imu/msg/detail
-- Installing: /home/pi5/ros2_ws/install/bno055_imu/include/bno055_imu/bno055_imu/msg/detail/bno055_data__rosidl_typesupport_fastrtps_c.h
-- Installing: /home/pi5/ros2_ws/install/bno055_imu/lib/libbno055_imu__rosidl_typesupport_fastrtps_c.so
-- Set non-toolchain portion of runtime path of "/home/pi5/ros2_ws/install/bno055_imu/lib/libbno055_imu__rosidl_typesupport_fastrtps_c.so" to ""
-- Up-to-date: /home/pi5/ros2_ws/install/bno055_imu/include/bno055_imu/bno055_imu
-- Up-to-date: /home/pi5/ros2_ws/install/bno055_imu/include/bno055_imu/bno055_imu/msg
-- Installing: /home/pi5/ros2_ws/install/bno055_imu/include/bno055_imu/bno055_imu/msg/rosidl_generator_cpp__visibility_control.hpp
-- Installing: /home/pi5/ros2_ws/install/bno055_imu/include/bno055_imu/bno055_imu/msg/bno055_data.hpp
-- Up-to-date: /home/pi5/ros2_ws/install/bno055_imu/include/bno055_imu/bno055_imu/msg/detail
-- Installing: /home/pi5/ros2_ws/install/bno055_imu/include/bno055_imu/bno055_imu/msg/detail/bno055_data__traits.hpp
-- Installing: /home/pi5/ros2_ws/install/bno055_imu/include/bno055_imu/bno055_imu/msg/detail/bno055_data__builder.hpp
-- Installing: /home/pi5/ros2_ws/install/bno055_imu/include/bno055_imu/bno055_imu/msg/detail/bno055_data__struct.hpp
-- Installing: /home/pi5/ros2_ws/install/bno055_imu/include/bno055_imu/bno055_imu/msg/detail/bno055_data__type_support.hpp
-- Up-to-date: /home/pi5/ros2_ws/install/bno055_imu/include/bno055_imu/bno055_imu
-- Up-to-date: /home/pi5/ros2_ws/install/bno055_imu/include/bno055_imu/bno055_imu/msg
-- Installing: /home/pi5/ros2_ws/install/bno055_imu/include/bno055_imu/bno055_imu/msg/rosidl_typesupport_fastrtps_cpp__visibility_control.h
-- Up-to-date: /home/pi5/ros2_ws/install/bno055_imu/include/bno055_imu/bno055_imu/msg/detail
-- Installing: /home/pi5/ros2_ws/install/bno055_imu/include/bno055_imu/bno055_imu/msg/detail/bno055_data__rosidl_typesupport_fastrtps_cpp.hpp
-- Installing: /home/pi5/ros2_ws/install/bno055_imu/include/bno055_imu/bno055_imu/msg/detail/dds_fastrtps
-- Installing: /home/pi5/ros2_ws/install/bno055_imu/lib/libbno055_imu__rosidl_typesupport_fastrtps_cpp.so
-- Set non-toolchain portion of runtime path of "/home/pi5/ros2_ws/install/bno055_imu/lib/libbno055_imu__rosidl_typesupport_fastrtps_cpp.so" to ""
-- Up-to-date: /home/pi5/ros2_ws/install/bno055_imu/include/bno055_imu/bno055_imu
-- Up-to-date: /home/pi5/ros2_ws/install/bno055_imu/include/bno055_imu/bno055_imu/msg
-- Installing: /home/pi5/ros2_ws/install/bno055_imu/include/bno055_imu/bno055_imu/msg/rosidl_typesupport_introspection_c__visibility_control.h
-- Up-to-date: /home/pi5/ros2_ws/install/bno055_imu/include/bno055_imu/bno055_imu/msg/detail
-- Installing: /home/pi5/ros2_ws/install/bno055_imu/include/bno055_imu/bno055_imu/msg/detail/bno055_data__rosidl_typesupport_introspection_c.h
-- Installing: /home/pi5/ros2_ws/install/bno055_imu/include/bno055_imu/bno055_imu/msg/detail/bno055_data__type_support.c
-- Installing: /home/pi5/ros2_ws/install/bno055_imu/lib/libbno055_imu__rosidl_typesupport_introspection_c.so
-- Set non-toolchain portion of runtime path of "/home/pi5/ros2_ws/install/bno055_imu/lib/libbno055_imu__rosidl_typesupport_introspection_c.so" to ""
-- Installing: /home/pi5/ros2_ws/install/bno055_imu/lib/libbno055_imu__rosidl_typesupport_c.so
-- Set non-toolchain portion of runtime path of "/home/pi5/ros2_ws/install/bno055_imu/lib/libbno055_imu__rosidl_typesupport_c.so" to ""
-- Up-to-date: /home/pi5/ros2_ws/install/bno055_imu/include/bno055_imu/bno055_imu
-- Up-to-date: /home/pi5/ros2_ws/install/bno055_imu/include/bno055_imu/bno055_imu/msg
-- Up-to-date: /home/pi5/ros2_ws/install/bno055_imu/include/bno055_imu/bno055_imu/msg/detail
-- Installing: /home/pi5/ros2_ws/install/bno055_imu/include/bno055_imu/bno055_imu/msg/detail/bno055_data__rosidl_typesupport_introspection_cpp.hpp
-- Installing: /home/pi5/ros2_ws/install/bno055_imu/include/bno055_imu/bno055_imu/msg/detail/bno055_data__type_support.cpp
-- Installing: /home/pi5/ros2_ws/install/bno055_imu/lib/libbno055_imu__rosidl_typesupport_introspection_cpp.so
-- Set non-toolchain portion of runtime path of "/home/pi5/ros2_ws/install/bno055_imu/lib/libbno055_imu__rosidl_typesupport_introspection_cpp.so" to ""
-- Installing: /home/pi5/ros2_ws/install/bno055_imu/lib/libbno055_imu__rosidl_typesupport_cpp.so
-- Set non-toolchain portion of runtime path of "/home/pi5/ros2_ws/install/bno055_imu/lib/libbno055_imu__rosidl_typesupport_cpp.so" to ""
-- Installing: /home/pi5/ros2_ws/install/bno055_imu/share/bno055_imu/environment/pythonpath.sh
-- Installing: /home/pi5/ros2_ws/install/bno055_imu/share/bno055_imu/environment/pythonpath.dsv
-- Installing: /home/pi5/ros2_ws/install/bno055_imu/lib/python3.12/site-packages/bno055_imu-1.0.0-py3.12.egg-info
-- Installing: /home/pi5/ros2_ws/install/bno055_imu/lib/python3.12/site-packages/bno055_imu-1.0.0-py3.12.egg-info/dependency_links.txt
-- Installing: /home/pi5/ros2_ws/install/bno055_imu/lib/python3.12/site-packages/bno055_imu-1.0.0-py3.12.egg-info/top_level.txt
-- Installing: /home/pi5/ros2_ws/install/bno055_imu/lib/python3.12/site-packages/bno055_imu-1.0.0-py3.12.egg-info/SOURCES.txt
-- Installing: /home/pi5/ros2_ws/install/bno055_imu/lib/python3.12/site-packages/bno055_imu-1.0.0-py3.12.egg-info/PKG-INFO
-- Installing: /home/pi5/ros2_ws/install/bno055_imu/lib/python3.12/site-packages/bno055_imu
-- Installing: /home/pi5/ros2_ws/install/bno055_imu/lib/python3.12/site-packages/bno055_imu/_bno055_imu_s.ep.rosidl_typesupport_fastrtps_c.c
-- Installing: /home/pi5/ros2_ws/install/bno055_imu/lib/python3.12/site-packages/bno055_imu/_bno055_imu_s.ep.rosidl_typesupport_introspection_c.c
-- Installing: /home/pi5/ros2_ws/install/bno055_imu/lib/python3.12/site-packages/bno055_imu/msg
-- Installing: /home/pi5/ros2_ws/install/bno055_imu/lib/python3.12/site-packages/bno055_imu/msg/_bno055_data_s.c
-- Installing: /home/pi5/ros2_ws/install/bno055_imu/lib/python3.12/site-packages/bno055_imu/msg/_bno055_data.py
-- Installing: /home/pi5/ros2_ws/install/bno055_imu/lib/python3.12/site-packages/bno055_imu/msg/__init__.py
-- Installing: /home/pi5/ros2_ws/install/bno055_imu/lib/python3.12/site-packages/bno055_imu/__init__.py
-- Installing: /home/pi5/ros2_ws/install/bno055_imu/lib/python3.12/site-packages/bno055_imu/_bno055_imu_s.ep.rosidl_typesupport_c.c
-- Installing: /home/pi5/ros2_ws/install/bno055_imu/lib/python3.12/site-packages/bno055_imu/bno055_imu_s__rosidl_typesupport_c.so
-- Installing: /home/pi5/ros2_ws/install/bno055_imu/lib/python3.12/site-packages/bno055_imu/bno055_imu_s__rosidl_typesupport_introspection_c.so
-- Installing: /home/pi5/ros2_ws/install/bno055_imu/lib/python3.12/site-packages/bno055_imu/bno055_imu_s__rosidl_typesupport_fastrtps_c.so
Listing '/home/pi5/ros2_ws/install/bno055_imu/lib/python3.12/site-packages/bno055_imu'...
Compiling '/home/pi5/ros2_ws/install/bno055_imu/lib/python3.12/site-packages/bno055_imu/__init__.py'...
Listing '/home/pi5/ros2_ws/install/bno055_imu/lib/python3.12/site-packages/bno055_imu/msg'...
Compiling '/home/pi5/ros2_ws/install/bno055_imu/lib/python3.12/site-packages/bno055_imu/msg/__init__.py'...
Compiling '/home/pi5/ros2_ws/install/bno055_imu/lib/python3.12/site-packages/bno055_imu/msg/_bno055_data.py'...
-- Installing: /home/pi5/ros2_ws/install/bno055_imu/lib/python3.12/site-packages/bno055_imu/bno055_imu_s__rosidl_typesupport_fastrtps_c.so
-- Set non-toolchain portion of runtime path of "/home/pi5/ros2_ws/install/bno055_imu/lib/python3.12/site-packages/bno055_imu/bno055_imu_s__rosidl_typesupport_fastrtps_c.so" to ""
-- Installing: /home/pi5/ros2_ws/install/bno055_imu/lib/python3.12/site-packages/bno055_imu/bno055_imu_s__rosidl_typesupport_introspection_c.so
-- Set non-toolchain portion of runtime path of "/home/pi5/ros2_ws/install/bno055_imu/lib/python3.12/site-packages/bno055_imu/bno055_imu_s__rosidl_typesupport_introspection_c.so" to ""
-- Installing: /home/pi5/ros2_ws/install/bno055_imu/lib/python3.12/site-packages/bno055_imu/bno055_imu_s__rosidl_typesupport_c.so
-- Set non-toolchain portion of runtime path of "/home/pi5/ros2_ws/install/bno055_imu/lib/python3.12/site-packages/bno055_imu/bno055_imu_s__rosidl_typesupport_c.so" to ""
-- Installing: /home/pi5/ros2_ws/install/bno055_imu/lib/libbno055_imu__rosidl_generator_py.so
-- Set non-toolchain portion of runtime path of "/home/pi5/ros2_ws/install/bno055_imu/lib/libbno055_imu__rosidl_generator_py.so" to ""
-- Installing: /home/pi5/ros2_ws/install/bno055_imu/share/bno055_imu/msg/BNO055Data.idl
-- Installing: /home/pi5/ros2_ws/install/bno055_imu/share/bno055_imu/msg/BNO055Data.msg
-- Up-to-date: /home/pi5/ros2_ws/install/bno055_imu/lib/python3.12/site-packages/bno055_imu
-- Installing: /home/pi5/ros2_ws/install/bno055_imu/lib/python3.12/site-packages/bno055_imu/bno055_node.py
-- Installing: /home/pi5/ros2_ws/install/bno055_imu/lib/python3.12/site-packages/bno055_imu/__init__.py
-- Installing: /home/pi5/ros2_ws/install/bno055_imu/lib/bno055_imu/bno055_node.py
-- Installing: /home/pi5/ros2_ws/install/bno055_imu/share/ament_index/resource_index/package_run_dependencies/bno055_imu
-- Installing: /home/pi5/ros2_ws/install/bno055_imu/share/ament_index/resource_index/parent_prefix_path/bno055_imu
-- Installing: /home/pi5/ros2_ws/install/bno055_imu/share/bno055_imu/environment/ament_prefix_path.sh
-- Installing: /home/pi5/ros2_ws/install/bno055_imu/share/bno055_imu/environment/ament_prefix_path.dsv
-- Installing: /home/pi5/ros2_ws/install/bno055_imu/share/bno055_imu/environment/path.sh
-- Installing: /home/pi5/ros2_ws/install/bno055_imu/share/bno055_imu/environment/path.dsv
-- Installing: /home/pi5/ros2_ws/install/bno055_imu/share/bno055_imu/local_setup.bash
-- Installing: /home/pi5/ros2_ws/install/bno055_imu/share/bno055_imu/local_setup.sh
-- Installing: /home/pi5/ros2_ws/install/bno055_imu/share/bno055_imu/local_setup.zsh
-- Installing: /home/pi5/ros2_ws/install/bno055_imu/share/bno055_imu/local_setup.dsv
-- Installing: /home/pi5/ros2_ws/install/bno055_imu/share/bno055_imu/package.dsv
-- Installing: /home/pi5/ros2_ws/install/bno055_imu/share/ament_index/resource_index/packages/bno055_imu
-- Installing: /home/pi5/ros2_ws/install/bno055_imu/share/bno055_imu/cmake/export_bno055_imu__rosidl_generator_cExport.cmake
-- Installing: /home/pi5/ros2_ws/install/bno055_imu/share/bno055_imu/cmake/export_bno055_imu__rosidl_generator_cExport-noconfig.cmake
-- Installing: /home/pi5/ros2_ws/install/bno055_imu/share/bno055_imu/cmake/export_bno055_imu__rosidl_typesupport_fastrtps_cExport.cmake
-- Installing: /home/pi5/ros2_ws/install/bno055_imu/share/bno055_imu/cmake/export_bno055_imu__rosidl_typesupport_fastrtps_cExport-noconfig.cmake
-- Installing: /home/pi5/ros2_ws/install/bno055_imu/share/bno055_imu/cmake/export_bno055_imu__rosidl_generator_cppExport.cmake
-- Installing: /home/pi5/ros2_ws/install/bno055_imu/share/bno055_imu/cmake/export_bno055_imu__rosidl_typesupport_fastrtps_cppExport.cmake
-- Installing: /home/pi5/ros2_ws/install/bno055_imu/share/bno055_imu/cmake/export_bno055_imu__rosidl_typesupport_fastrtps_cppExport-noconfig.cmake
-- Installing: /home/pi5/ros2_ws/install/bno055_imu/share/bno055_imu/cmake/bno055_imu__rosidl_typesupport_introspection_cExport.cmake
-- Installing: /home/pi5/ros2_ws/install/bno055_imu/share/bno055_imu/cmake/bno055_imu__rosidl_typesupport_introspection_cExport-noconfig.cmake
-- Installing: /home/pi5/ros2_ws/install/bno055_imu/share/bno055_imu/cmake/bno055_imu__rosidl_typesupport_cExport.cmake
-- Installing: /home/pi5/ros2_ws/install/bno055_imu/share/bno055_imu/cmake/bno055_imu__rosidl_typesupport_cExport-noconfig.cmake
-- Installing: /home/pi5/ros2_ws/install/bno055_imu/share/bno055_imu/cmake/bno055_imu__rosidl_typesupport_introspection_cppExport.cmake
-- Installing: /home/pi5/ros2_ws/install/bno055_imu/share/bno055_imu/cmake/bno055_imu__rosidl_typesupport_introspection_cppExport-noconfig.cmake
-- Installing: /home/pi5/ros2_ws/install/bno055_imu/share/bno055_imu/cmake/bno055_imu__rosidl_typesupport_cppExport.cmake
-- Installing: /home/pi5/ros2_ws/install/bno055_imu/share/bno055_imu/cmake/bno055_imu__rosidl_typesupport_cppExport-noconfig.cmake
-- Installing: /home/pi5/ros2_ws/install/bno055_imu/share/bno055_imu/cmake/export_bno055_imu__rosidl_generator_pyExport.cmake
-- Installing: /home/pi5/ros2_ws/install/bno055_imu/share/bno055_imu/cmake/export_bno055_imu__rosidl_generator_pyExport-noconfig.cmake
-- Installing: /home/pi5/ros2_ws/install/bno055_imu/share/bno055_imu/cmake/rosidl_cmake-extras.cmake
-- Installing: /home/pi5/ros2_ws/install/bno055_imu/share/bno055_imu/cmake/ament_cmake_export_dependencies-extras.cmake
-- Installing: /home/pi5/ros2_ws/install/bno055_imu/share/bno055_imu/cmake/ament_cmake_export_include_directories-extras.cmake
-- Installing: /home/pi5/ros2_ws/install/bno055_imu/share/bno055_imu/cmake/ament_cmake_export_libraries-extras.cmake
-- Installing: /home/pi5/ros2_ws/install/bno055_imu/share/bno055_imu/cmake/ament_cmake_export_targets-extras.cmake
-- Installing: /home/pi5/ros2_ws/install/bno055_imu/share/bno055_imu/cmake/rosidl_cmake_export_typesupport_targets-extras.cmake
-- Installing: /home/pi5/ros2_ws/install/bno055_imu/share/bno055_imu/cmake/rosidl_cmake_export_typesupport_libraries-extras.cmake
-- Installing: /home/pi5/ros2_ws/install/bno055_imu/share/bno055_imu/cmake/bno055_imuConfig.cmake
-- Installing: /home/pi5/ros2_ws/install/bno055_imu/share/bno055_imu/cmake/bno055_imuConfig-version.cmake
-- Installing: /home/pi5/ros2_ws/install/bno055_imu/share/bno055_imu/package.xml
