[0.016s] Invoking command in '/home/pi5/ros2_ws/build/bno055_imu': CMAKE_PREFIX_PATH=${CMAKE_PREFIX_PATH}:/opt/ros/jazzy DEBUGINFOD_URLS=https://debuginfod.ubuntu.com /usr/bin/cmake --build /home/pi5/ros2_ws/build/bno055_imu -- -j4 -l4
[0.136s] [  2%] Built target bno055_imu__rosidl_generator_type_description
[0.157s] [  2%] Built target ament_cmake_python_symlink_bno055_imu
[0.183s] [  5%] Built target bno055_imu__cpp
[0.190s] [ 20%] Built target bno055_imu__rosidl_generator_c
[0.253s] [ 29%] Built target bno055_imu__rosidl_typesupport_fastrtps_cpp
[0.271s] [ 38%] Built target bno055_imu__rosidl_typesupport_introspection_c
[0.285s] [ 47%] Built target bno055_imu__rosidl_typesupport_c
[0.348s] [ 55%] Built target bno055_imu__rosidl_typesupport_cpp
[0.361s] [ 64%] Built target bno055_imu__rosidl_typesupport_introspection_cpp
[0.374s] [ 73%] Built target bno055_imu__rosidl_typesupport_fastrtps_c
[0.428s] [ 73%] Built target bno055_imu
[0.475s] [ 76%] Built target bno055_imu__py
[0.530s] [ 82%] Built target bno055_imu__rosidl_generator_py
[0.613s] [ 88%] Built target bno055_imu_s__rosidl_typesupport_introspection_c
[0.616s] [ 94%] Built target bno055_imu_s__rosidl_typesupport_fastrtps_c
[0.634s] [100%] Built target bno055_imu_s__rosidl_typesupport_c
[0.716s] running egg_info
[0.764s] writing bno055_imu.egg-info/PKG-INFO
[0.764s] writing dependency_links to bno055_imu.egg-info/dependency_links.txt
[0.766s] writing top-level names to bno055_imu.egg-info/top_level.txt
[0.902s] reading manifest file 'bno055_imu.egg-info/SOURCES.txt'
[0.904s] writing manifest file 'bno055_imu.egg-info/SOURCES.txt'
[1.001s] [100%] Built target ament_cmake_python_build_bno055_imu_egg
[1.028s] Invoked command in '/home/pi5/ros2_ws/build/bno055_imu' returned '0': CMAKE_PREFIX_PATH=${CMAKE_PREFIX_PATH}:/opt/ros/jazzy DEBUGINFOD_URLS=https://debuginfod.ubuntu.com /usr/bin/cmake --build /home/pi5/ros2_ws/build/bno055_imu -- -j4 -l4
[1.048s] Invoking command in '/home/pi5/ros2_ws/build/bno055_imu': CMAKE_PREFIX_PATH=${CMAKE_PREFIX_PATH}:/opt/ros/jazzy DEBUGINFOD_URLS=https://debuginfod.ubuntu.com /usr/bin/cmake --install /home/pi5/ros2_ws/build/bno055_imu
[1.065s] -- Install configuration: ""
[1.066s] -- Execute custom install script
[1.066s] -- Up-to-date symlink: /home/pi5/ros2_ws/install/bno055_imu/share/ament_index/resource_index/rosidl_interfaces/bno055_imu
[1.066s] -- Up-to-date symlink: /home/pi5/ros2_ws/install/bno055_imu/share/bno055_imu/msg/BNO055Data.json
[1.067s] -- Up-to-date symlink: /home/pi5/ros2_ws/install/bno055_imu/include/bno055_imu/bno055_imu/msg/bno055_data.h
[1.067s] -- Up-to-date symlink: /home/pi5/ros2_ws/install/bno055_imu/include/bno055_imu/bno055_imu/msg/detail/bno055_data__functions.h
[1.067s] -- Up-to-date symlink: /home/pi5/ros2_ws/install/bno055_imu/include/bno055_imu/bno055_imu/msg/detail/bno055_data__struct.h
[1.067s] -- Up-to-date symlink: /home/pi5/ros2_ws/install/bno055_imu/include/bno055_imu/bno055_imu/msg/detail/bno055_data__type_support.h
[1.067s] -- Up-to-date symlink: /home/pi5/ros2_ws/install/bno055_imu/include/bno055_imu/bno055_imu/msg/rosidl_generator_c__visibility_control.h
[1.068s] -- Up-to-date symlink: /home/pi5/ros2_ws/install/bno055_imu/share/bno055_imu/environment/library_path.sh
[1.068s] -- Up-to-date symlink: /home/pi5/ros2_ws/install/bno055_imu/share/bno055_imu/environment/library_path.dsv
[1.068s] -- Up-to-date symlink: /home/pi5/ros2_ws/install/bno055_imu/include/bno055_imu/bno055_imu/msg/detail/bno055_data__rosidl_typesupport_fastrtps_c.h
[1.069s] -- Up-to-date symlink: /home/pi5/ros2_ws/install/bno055_imu/include/bno055_imu/bno055_imu/msg/rosidl_typesupport_fastrtps_c__visibility_control.h
[1.069s] -- Up-to-date symlink: /home/pi5/ros2_ws/install/bno055_imu/include/bno055_imu/bno055_imu/msg/bno055_data.hpp
[1.069s] -- Up-to-date symlink: /home/pi5/ros2_ws/install/bno055_imu/include/bno055_imu/bno055_imu/msg/detail/bno055_data__builder.hpp
[1.069s] -- Up-to-date symlink: /home/pi5/ros2_ws/install/bno055_imu/include/bno055_imu/bno055_imu/msg/detail/bno055_data__struct.hpp
[1.070s] -- Up-to-date symlink: /home/pi5/ros2_ws/install/bno055_imu/include/bno055_imu/bno055_imu/msg/detail/bno055_data__traits.hpp
[1.070s] -- Up-to-date symlink: /home/pi5/ros2_ws/install/bno055_imu/include/bno055_imu/bno055_imu/msg/detail/bno055_data__type_support.hpp
[1.070s] -- Up-to-date symlink: /home/pi5/ros2_ws/install/bno055_imu/include/bno055_imu/bno055_imu/msg/rosidl_generator_cpp__visibility_control.hpp
[1.070s] -- Up-to-date symlink: /home/pi5/ros2_ws/install/bno055_imu/include/bno055_imu/bno055_imu/msg/detail/bno055_data__rosidl_typesupport_fastrtps_cpp.hpp
[1.071s] -- Up-to-date symlink: /home/pi5/ros2_ws/install/bno055_imu/include/bno055_imu/bno055_imu/msg/rosidl_typesupport_fastrtps_cpp__visibility_control.h
[1.071s] -- Up-to-date symlink: /home/pi5/ros2_ws/install/bno055_imu/include/bno055_imu/bno055_imu/msg/detail/bno055_data__rosidl_typesupport_introspection_c.h
[1.071s] -- Up-to-date symlink: /home/pi5/ros2_ws/install/bno055_imu/include/bno055_imu/bno055_imu/msg/rosidl_typesupport_introspection_c__visibility_control.h
[1.072s] -- Up-to-date symlink: /home/pi5/ros2_ws/install/bno055_imu/include/bno055_imu/bno055_imu/msg/detail/bno055_data__rosidl_typesupport_introspection_cpp.hpp
[1.072s] -- Up-to-date symlink: /home/pi5/ros2_ws/install/bno055_imu/share/bno055_imu/environment/pythonpath.sh
[1.072s] -- Up-to-date symlink: /home/pi5/ros2_ws/install/bno055_imu/share/bno055_imu/environment/pythonpath.dsv
[1.072s] -- Up-to-date symlink: /home/pi5/ros2_ws/install/bno055_imu/lib/python3.12/site-packages/bno055_imu-1.0.0-py3.12.egg-info/PKG-INFO
[1.073s] -- Up-to-date symlink: /home/pi5/ros2_ws/install/bno055_imu/lib/python3.12/site-packages/bno055_imu-1.0.0-py3.12.egg-info/SOURCES.txt
[1.073s] -- Up-to-date symlink: /home/pi5/ros2_ws/install/bno055_imu/lib/python3.12/site-packages/bno055_imu-1.0.0-py3.12.egg-info/dependency_links.txt
[1.073s] -- Up-to-date symlink: /home/pi5/ros2_ws/install/bno055_imu/lib/python3.12/site-packages/bno055_imu-1.0.0-py3.12.egg-info/top_level.txt
[1.073s] -- Symlinking: /home/pi5/ros2_ws/install/bno055_imu/lib/python3.12/site-packages/bno055_imu/__init__.py
[1.093s] -- Up-to-date symlink: /home/pi5/ros2_ws/install/bno055_imu/lib/python3.12/site-packages/bno055_imu/_bno055_imu_s.ep.rosidl_typesupport_c.c
[1.093s] -- Up-to-date symlink: /home/pi5/ros2_ws/install/bno055_imu/lib/python3.12/site-packages/bno055_imu/_bno055_imu_s.ep.rosidl_typesupport_fastrtps_c.c
[1.093s] -- Up-to-date symlink: /home/pi5/ros2_ws/install/bno055_imu/lib/python3.12/site-packages/bno055_imu/_bno055_imu_s.ep.rosidl_typesupport_introspection_c.c
[1.093s] -- Up-to-date symlink: /home/pi5/ros2_ws/install/bno055_imu/lib/python3.12/site-packages/bno055_imu/bno055_imu_s__rosidl_typesupport_c.so
[1.093s] -- Up-to-date symlink: /home/pi5/ros2_ws/install/bno055_imu/lib/python3.12/site-packages/bno055_imu/bno055_imu_s__rosidl_typesupport_fastrtps_c.so
[1.093s] -- Up-to-date symlink: /home/pi5/ros2_ws/install/bno055_imu/lib/python3.12/site-packages/bno055_imu/bno055_imu_s__rosidl_typesupport_introspection_c.so
[1.094s] -- Up-to-date symlink: /home/pi5/ros2_ws/install/bno055_imu/lib/python3.12/site-packages/bno055_imu/msg/__init__.py
[1.094s] -- Up-to-date symlink: /home/pi5/ros2_ws/install/bno055_imu/lib/python3.12/site-packages/bno055_imu/msg/_bno055_data.py
[1.094s] -- Up-to-date symlink: /home/pi5/ros2_ws/install/bno055_imu/lib/python3.12/site-packages/bno055_imu/msg/_bno055_data_s.c
[1.095s] -- Up-to-date symlink: /home/pi5/ros2_ws/install/bno055_imu/lib/python3.12/site-packages/bno055_imu/bno055_imu_s__rosidl_typesupport_fastrtps_c.so
[1.095s] -- Up-to-date symlink: /home/pi5/ros2_ws/install/bno055_imu/lib/python3.12/site-packages/bno055_imu/bno055_imu_s__rosidl_typesupport_introspection_c.so
[1.096s] -- Up-to-date symlink: /home/pi5/ros2_ws/install/bno055_imu/lib/python3.12/site-packages/bno055_imu/bno055_imu_s__rosidl_typesupport_c.so
[1.096s] -- Up-to-date symlink: /home/pi5/ros2_ws/install/bno055_imu/share/bno055_imu/msg/BNO055Data.idl
[1.097s] -- Up-to-date symlink: /home/pi5/ros2_ws/install/bno055_imu/share/bno055_imu/msg/BNO055Data.msg
[1.097s] -- Up-to-date symlink: /home/pi5/ros2_ws/install/bno055_imu/lib/bno055_imu/bno055_node.py
[1.097s] -- Up-to-date symlink: /home/pi5/ros2_ws/install/bno055_imu/share/ament_index/resource_index/package_run_dependencies/bno055_imu
[1.098s] -- Up-to-date symlink: /home/pi5/ros2_ws/install/bno055_imu/share/ament_index/resource_index/parent_prefix_path/bno055_imu
[1.098s] -- Up-to-date symlink: /home/pi5/ros2_ws/install/bno055_imu/share/bno055_imu/environment/ament_prefix_path.sh
[1.098s] -- Up-to-date symlink: /home/pi5/ros2_ws/install/bno055_imu/share/bno055_imu/environment/ament_prefix_path.dsv
[1.099s] -- Up-to-date symlink: /home/pi5/ros2_ws/install/bno055_imu/share/bno055_imu/environment/path.sh
[1.099s] -- Up-to-date symlink: /home/pi5/ros2_ws/install/bno055_imu/share/bno055_imu/environment/path.dsv
[1.099s] -- Up-to-date symlink: /home/pi5/ros2_ws/install/bno055_imu/share/bno055_imu/local_setup.bash
[1.100s] -- Up-to-date symlink: /home/pi5/ros2_ws/install/bno055_imu/share/bno055_imu/local_setup.sh
[1.100s] -- Up-to-date symlink: /home/pi5/ros2_ws/install/bno055_imu/share/bno055_imu/local_setup.zsh
[1.100s] -- Up-to-date symlink: /home/pi5/ros2_ws/install/bno055_imu/share/bno055_imu/local_setup.dsv
[1.101s] -- Symlinking: /home/pi5/ros2_ws/install/bno055_imu/share/bno055_imu/package.dsv
[1.125s] -- Up-to-date symlink: /home/pi5/ros2_ws/install/bno055_imu/share/ament_index/resource_index/packages/bno055_imu
[1.126s] -- Up-to-date symlink: /home/pi5/ros2_ws/install/bno055_imu/share/bno055_imu/cmake/rosidl_cmake-extras.cmake
[1.126s] -- Up-to-date symlink: /home/pi5/ros2_ws/install/bno055_imu/share/bno055_imu/cmake/ament_cmake_export_dependencies-extras.cmake
[1.126s] -- Up-to-date symlink: /home/pi5/ros2_ws/install/bno055_imu/share/bno055_imu/cmake/ament_cmake_export_include_directories-extras.cmake
[1.127s] -- Up-to-date symlink: /home/pi5/ros2_ws/install/bno055_imu/share/bno055_imu/cmake/ament_cmake_export_libraries-extras.cmake
[1.127s] -- Up-to-date symlink: /home/pi5/ros2_ws/install/bno055_imu/share/bno055_imu/cmake/ament_cmake_export_targets-extras.cmake
[1.127s] -- Up-to-date symlink: /home/pi5/ros2_ws/install/bno055_imu/share/bno055_imu/cmake/rosidl_cmake_export_typesupport_targets-extras.cmake
[1.128s] -- Up-to-date symlink: /home/pi5/ros2_ws/install/bno055_imu/share/bno055_imu/cmake/rosidl_cmake_export_typesupport_libraries-extras.cmake
[1.128s] -- Up-to-date symlink: /home/pi5/ros2_ws/install/bno055_imu/share/bno055_imu/cmake/bno055_imuConfig.cmake
[1.128s] -- Up-to-date symlink: /home/pi5/ros2_ws/install/bno055_imu/share/bno055_imu/cmake/bno055_imuConfig-version.cmake
[1.129s] -- Up-to-date symlink: /home/pi5/ros2_ws/install/bno055_imu/share/bno055_imu/package.xml
[1.129s] -- Up-to-date: /home/pi5/ros2_ws/install/bno055_imu/lib/libbno055_imu__rosidl_generator_c.so
[1.130s] -- Up-to-date: /home/pi5/ros2_ws/install/bno055_imu/lib/libbno055_imu__rosidl_typesupport_fastrtps_c.so
[1.131s] -- Up-to-date: /home/pi5/ros2_ws/install/bno055_imu/lib/libbno055_imu__rosidl_typesupport_fastrtps_cpp.so
[1.132s] -- Up-to-date: /home/pi5/ros2_ws/install/bno055_imu/lib/libbno055_imu__rosidl_typesupport_introspection_c.so
[1.132s] -- Up-to-date: /home/pi5/ros2_ws/install/bno055_imu/lib/libbno055_imu__rosidl_typesupport_c.so
[1.134s] -- Up-to-date: /home/pi5/ros2_ws/install/bno055_imu/lib/libbno055_imu__rosidl_typesupport_introspection_cpp.so
[1.134s] -- Up-to-date: /home/pi5/ros2_ws/install/bno055_imu/lib/libbno055_imu__rosidl_typesupport_cpp.so
[1.218s] Listing '/home/pi5/ros2_ws/install/bno055_imu/lib/python3.12/site-packages/bno055_imu'...
[1.219s] Compiling '/home/pi5/ros2_ws/install/bno055_imu/lib/python3.12/site-packages/bno055_imu/bno055_node.py'...
[1.219s] Listing '/home/pi5/ros2_ws/install/bno055_imu/lib/python3.12/site-packages/bno055_imu/msg'...
[1.234s] -- Up-to-date: /home/pi5/ros2_ws/install/bno055_imu/lib/libbno055_imu__rosidl_generator_py.so
[1.235s] -- Up-to-date: /home/pi5/ros2_ws/install/bno055_imu/lib/python3.12/site-packages/bno055_imu
[1.235s] -- Up-to-date: /home/pi5/ros2_ws/install/bno055_imu/lib/python3.12/site-packages/bno055_imu/bno055_node.py
[1.235s] -- Installing: /home/pi5/ros2_ws/install/bno055_imu/lib/python3.12/site-packages/bno055_imu/__init__.py
[1.236s] -- Up-to-date: /home/pi5/ros2_ws/install/bno055_imu/share/bno055_imu/cmake/export_bno055_imu__rosidl_generator_cExport.cmake
[1.236s] -- Up-to-date: /home/pi5/ros2_ws/install/bno055_imu/share/bno055_imu/cmake/export_bno055_imu__rosidl_generator_cExport-noconfig.cmake
[1.236s] -- Up-to-date: /home/pi5/ros2_ws/install/bno055_imu/share/bno055_imu/cmake/export_bno055_imu__rosidl_typesupport_fastrtps_cExport.cmake
[1.236s] -- Up-to-date: /home/pi5/ros2_ws/install/bno055_imu/share/bno055_imu/cmake/export_bno055_imu__rosidl_typesupport_fastrtps_cExport-noconfig.cmake
[1.236s] -- Up-to-date: /home/pi5/ros2_ws/install/bno055_imu/share/bno055_imu/cmake/export_bno055_imu__rosidl_generator_cppExport.cmake
[1.237s] -- Up-to-date: /home/pi5/ros2_ws/install/bno055_imu/share/bno055_imu/cmake/export_bno055_imu__rosidl_typesupport_fastrtps_cppExport.cmake
[1.237s] -- Up-to-date: /home/pi5/ros2_ws/install/bno055_imu/share/bno055_imu/cmake/export_bno055_imu__rosidl_typesupport_fastrtps_cppExport-noconfig.cmake
[1.237s] -- Up-to-date: /home/pi5/ros2_ws/install/bno055_imu/share/bno055_imu/cmake/bno055_imu__rosidl_typesupport_introspection_cExport.cmake
[1.237s] -- Up-to-date: /home/pi5/ros2_ws/install/bno055_imu/share/bno055_imu/cmake/bno055_imu__rosidl_typesupport_introspection_cExport-noconfig.cmake
[1.237s] -- Up-to-date: /home/pi5/ros2_ws/install/bno055_imu/share/bno055_imu/cmake/bno055_imu__rosidl_typesupport_cExport.cmake
[1.237s] -- Up-to-date: /home/pi5/ros2_ws/install/bno055_imu/share/bno055_imu/cmake/bno055_imu__rosidl_typesupport_cExport-noconfig.cmake
[1.238s] -- Up-to-date: /home/pi5/ros2_ws/install/bno055_imu/share/bno055_imu/cmake/bno055_imu__rosidl_typesupport_introspection_cppExport.cmake
[1.238s] -- Up-to-date: /home/pi5/ros2_ws/install/bno055_imu/share/bno055_imu/cmake/bno055_imu__rosidl_typesupport_introspection_cppExport-noconfig.cmake
[1.238s] -- Up-to-date: /home/pi5/ros2_ws/install/bno055_imu/share/bno055_imu/cmake/bno055_imu__rosidl_typesupport_cppExport.cmake
[1.238s] -- Up-to-date: /home/pi5/ros2_ws/install/bno055_imu/share/bno055_imu/cmake/bno055_imu__rosidl_typesupport_cppExport-noconfig.cmake
[1.238s] -- Up-to-date: /home/pi5/ros2_ws/install/bno055_imu/share/bno055_imu/cmake/export_bno055_imu__rosidl_generator_pyExport.cmake
[1.238s] -- Up-to-date: /home/pi5/ros2_ws/install/bno055_imu/share/bno055_imu/cmake/export_bno055_imu__rosidl_generator_pyExport-noconfig.cmake
[1.242s] Invoked command in '/home/pi5/ros2_ws/build/bno055_imu' returned '0': CMAKE_PREFIX_PATH=${CMAKE_PREFIX_PATH}:/opt/ros/jazzy DEBUGINFOD_URLS=https://debuginfod.ubuntu.com /usr/bin/cmake --install /home/pi5/ros2_ws/build/bno055_imu
